[ 2014-10-25T15:52:17+08:00 ] 0.0.0.0 /savour/index.php/Login/index
INFO: [ route_check ] --START--
INFO: Run CheckRoute Behavior [ RunTime:0.001146s ]
INFO: [ route_check ] --END-- [ RunTime:0.002570s ]
INFO: [ app_begin ] --START--
INFO: Run ReadHtmlCache Behavior [ RunTime:-0.002655s ]
INFO: [ app_begin ] --END-- [ RunTime:0.000783s ]
INFO: [ view_template ] --START--
INFO: Run LocationTemplate Behavior [ RunTime:-0.041365s ]
INFO: [ view_template ] --END-- [ RunTime:0.006534s ]
INFO: [ view_parse ] --START--
INFO: Run ParseTemplate Behavior [ RunTime:-0.047966s ]
INFO: [ view_parse ] --END-- [ RunTime:0.018617s ]
INFO: [ view_filter ] --START--
INFO: Run ContentReplace Behavior [ RunTime:-0.066589s ]
INFO: Run TokenBuild Behavior [ RunTime:-0.067130s ]
INFO: Run WriteHtmlCache Behavior [ RunTime:-0.067669s ]
INFO: Run ShowRuntime Behavior [ RunTime:-0.068186s ]
INFO: [ view_filter ] --END-- [ RunTime:0.003727s ]
INFO: [ view_end ] --START--
INFO: Run ShowPageTrace Behavior [ RunTime:-0.070355s ]
INFO: [ view_end ] --END-- [ RunTime:0.002230s ]

