[ 2014-10-28T10:33:22+08:00 ] 0.0.0.0 /savour/
INFO: [ app_begin ] --START--
INFO: ReadHtmlCache Behavior ::run [ RunTime:0.000950s ]
INFO: [ app_begin ] --END-- [ RunTime:0.001178s ]
INFO: [ view_parse ] --START--
INFO: ParseTemplate Behavior ::run [ RunTime:0.011431s ]
INFO: [ view_parse ] --END-- [ RunTime:0.011532s ]
INFO: [ view_filter ] --START--
INFO: ContentReplace Behavior ::run [ RunTime:0.000561s ]
INFO: TokenBuild Behavior ::run [ RunTime:0.000412s ]
INFO: WriteHtmlCache Behavior ::run [ RunTime:0.000369s ]
INFO: ShowRuntime Behavior ::run [ RunTime:0.000803s ]
INFO: [ view_filter ] --END-- [ RunTime:0.002295s ]
INFO: [ view_end ] --START--
INFO: ShowPageTrace Behavior ::run [ RunTime:0.000754s ]
INFO: [ view_end ] --END-- [ RunTime:0.000804s ]

[ 2014-10-28T10:36:39+08:00 ] 0.0.0.0 /savour/
INFO: [ app_begin ] --START--
INFO: Run ReadHtmlCache Behavior [ RunTime:0.000365s ]
INFO: [ app_begin ] --END-- [ RunTime:0.000487s ]
INFO: [ view_template ] --START--
INFO: Run LocationTemplate Behavior [ RunTime:-0.000705s ]
INFO: [ view_template ] --END-- [ RunTime:0.000251s ]
INFO: [ view_parse ] --START--
INFO: Run ParseTemplate Behavior [ RunTime:-0.000986s ]
INFO: [ view_parse ] --END-- [ RunTime:0.017117s ]
INFO: [ view_filter ] --START--
INFO: Run ContentReplace Behavior [ RunTime:-0.018125s ]
INFO: Run TokenBuild Behavior [ RunTime:-0.018382s ]
INFO: Run WriteHtmlCache Behavior [ RunTime:-0.018588s ]
INFO: Run ShowRuntime Behavior [ RunTime:-0.018722s ]
INFO: [ view_filter ] --END-- [ RunTime:0.000846s ]
INFO: [ view_end ] --START--
INFO: Run ShowPageTrace Behavior [ RunTime:-0.019001s ]
INFO: [ view_end ] --END-- [ RunTime:0.000347s ]

[ 2014-10-28T10:36:39+08:00 ] 0.0.0.0 /savour/
INFO: [ app_begin ] --START--
INFO: Run ReadHtmlCache Behavior [ RunTime:0.000233s ]
INFO: [ app_begin ] --END-- [ RunTime:0.000312s ]
INFO: [ view_template ] --START--
INFO: Run LocationTemplate Behavior [ RunTime:-0.000468s ]
INFO: [ view_template ] --END-- [ RunTime:0.000157s ]
INFO: [ view_parse ] --START--
INFO: Run ParseTemplate Behavior [ RunTime:-0.000641s ]
INFO: [ view_parse ] --END-- [ RunTime:0.011446s ]
INFO: [ view_filter ] --START--
INFO: Run ContentReplace Behavior [ RunTime:-0.012127s ]
INFO: Run TokenBuild Behavior [ RunTime:-0.012446s ]
INFO: Run WriteHtmlCache Behavior [ RunTime:-0.012732s ]
INFO: Run ShowRuntime Behavior [ RunTime:-0.012915s ]
INFO: [ view_filter ] --END-- [ RunTime:0.001151s ]
INFO: [ view_end ] --START--
INFO: Run ShowPageTrace Behavior [ RunTime:-0.013325s ]
INFO: [ view_end ] --END-- [ RunTime:0.000504s ]

[ 2014-10-28T10:36:40+08:00 ] 0.0.0.0 /savour/index.php/Login/index.html
INFO: [ route_check ] --START--
INFO: Run CheckRoute Behavior [ RunTime:0.000552s ]
INFO: [ route_check ] --END-- [ RunTime:0.000744s ]
INFO: [ app_begin ] --START--
INFO: Run ReadHtmlCache Behavior [ RunTime:-0.000516s ]
INFO: [ app_begin ] --END-- [ RunTime:0.000357s ]
INFO: [ view_template ] --START--
INFO: Run LocationTemplate Behavior [ RunTime:-0.001647s ]
INFO: [ view_template ] --END-- [ RunTime:0.000464s ]
INFO: [ view_parse ] --START--
INFO: Run ParseTemplate Behavior [ RunTime:-0.002114s ]
INFO: [ view_parse ] --END-- [ RunTime:0.012134s ]
INFO: [ view_filter ] --START--
INFO: Run ContentReplace Behavior [ RunTime:-0.014274s ]
INFO: Run TokenBuild Behavior [ RunTime:-0.014608s ]
INFO: Run WriteHtmlCache Behavior [ RunTime:-0.014881s ]
INFO: Run ShowRuntime Behavior [ RunTime:-0.015054s ]
INFO: [ view_filter ] --END-- [ RunTime:0.001177s ]
INFO: [ view_end ] --START--
INFO: Run ShowPageTrace Behavior [ RunTime:-0.015495s ]
INFO: [ view_end ] --END-- [ RunTime:0.000693s ]

[ 2014-10-28T11:07:21+08:00 ] 0.0.0.0 /savour/index.php/Login/index.html
INFO: [ route_check ] --START--
INFO: Run CheckRoute Behavior [ RunTime:0.000329s ]
INFO: [ route_check ] --END-- [ RunTime:0.000369s ]
INFO: [ app_begin ] --START--
INFO: Run ReadHtmlCache Behavior [ RunTime:-0.000278s ]
INFO: [ app_begin ] --END-- [ RunTime:0.000235s ]
INFO: [ view_template ] --START--
INFO: Run LocationTemplate Behavior [ RunTime:-0.000844s ]
INFO: [ view_template ] --END-- [ RunTime:0.000147s ]
INFO: [ view_parse ] --START--
INFO: Run ParseTemplate Behavior [ RunTime:-0.001010s ]
INFO: [ view_parse ] --END-- [ RunTime:0.011527s ]
INFO: [ view_filter ] --START--
INFO: Run ContentReplace Behavior [ RunTime:-0.012568s ]
INFO: Run TokenBuild Behavior [ RunTime:-0.012887s ]
INFO: Run WriteHtmlCache Behavior [ RunTime:-0.013091s ]
INFO: Run ShowRuntime Behavior [ RunTime:-0.013220s ]
INFO: [ view_filter ] --END-- [ RunTime:0.000919s ]
INFO: [ view_end ] --START--
INFO: Run ShowPageTrace Behavior [ RunTime:-0.013514s ]
INFO: [ view_end ] --END-- [ RunTime:0.000342s ]

[ 2014-10-28T11:13:24+08:00 ] 0.0.0.0 /savour/index.php/Dashboard/index.html
INFO: [ route_check ] --START--
INFO: Run CheckRoute Behavior [ RunTime:0.000304s ]
INFO: [ route_check ] --END-- [ RunTime:0.000345s ]
INFO: [ app_begin ] --START--
INFO: Run ReadHtmlCache Behavior [ RunTime:-0.000264s ]
INFO: [ app_begin ] --END-- [ RunTime:0.000227s ]
INFO: [ view_template ] --START--
INFO: Run LocationTemplate Behavior [ RunTime:-0.007136s ]
INFO: [ view_template ] --END-- [ RunTime:0.000222s ]
INFO: [ view_parse ] --START--
INFO: Run ParseTemplate Behavior [ RunTime:-0.007372s ]
INFO: [ view_parse ] --END-- [ RunTime:0.015244s ]
INFO: [ view_filter ] --START--
INFO: Run ContentReplace Behavior [ RunTime:-0.022657s ]
INFO: Run TokenBuild Behavior [ RunTime:-0.022992s ]
INFO: Run WriteHtmlCache Behavior [ RunTime:-0.023271s ]
INFO: Run ShowRuntime Behavior [ RunTime:-0.023447s ]
INFO: [ view_filter ] --END-- [ RunTime:0.001149s ]
INFO: [ view_end ] --START--
INFO: Run ShowPageTrace Behavior [ RunTime:-0.023860s ]
INFO: [ view_end ] --END-- [ RunTime:0.000468s ]

[ 2014-10-28T11:13:25+08:00 ] ERR: (ThinkException) 非法操作:testClothes
[ 2014-10-28T11:13:25+08:00 ] ERR: (ThinkException) 非法操作:testClothes
[ 2014-10-28T11:13:25+08:00 ] ERR: (ThinkException) 非法操作:testClothes
[ 2014-10-28T11:13:25+08:00 ] ERR: (ThinkException) 非法操作:testClothes
[ 2014-10-28T11:13:25+08:00 ] ERR: (ThinkException) 非法操作:testClothes
[ 2014-10-28T11:13:25+08:00 ] ERR: (ThinkException) 非法操作:testClothes
[ 2014-10-28T11:13:25+08:00 ] ERR: (ThinkException) 非法操作:testClothes
[ 2014-10-28T11:13:25+08:00 ] ERR: (ThinkException) 非法操作:testClothes
[ 2014-10-28T11:13:25+08:00 ] ERR: (ThinkException) 非法操作:testClothes
[ 2014-10-28T11:13:25+08:00 ] ERR: (ThinkException) 非法操作:testClothes
[ 2014-10-28T11:13:25+08:00 ] ERR: (ThinkException) 非法操作:testClothes
[ 2014-10-28T11:13:25+08:00 ] ERR: (ThinkException) 非法操作:testClothes
[ 2014-10-28T11:13:25+08:00 ] ERR: (ThinkException) 非法操作:testClothes
[ 2014-10-28T11:13:25+08:00 ] ERR: (ThinkException) 非法操作:testClothes
[ 2014-10-28T11:13:25+08:00 ] ERR: (ThinkException) 非法操作:testClothes
[ 2014-10-28T11:13:39+08:00 ] 0.0.0.0 /savour/index.php/Login/index.html
INFO: [ route_check ] --START--
INFO: Run CheckRoute Behavior [ RunTime:0.000383s ]
INFO: [ route_check ] --END-- [ RunTime:0.000436s ]
INFO: [ app_begin ] --START--
INFO: Run ReadHtmlCache Behavior [ RunTime:-0.000276s ]
INFO: [ app_begin ] --END-- [ RunTime:0.000257s ]
INFO: [ view_template ] --START--
INFO: Run LocationTemplate Behavior [ RunTime:-0.000868s ]
INFO: [ view_template ] --END-- [ RunTime:0.000155s ]
INFO: [ view_parse ] --START--
INFO: Run ParseTemplate Behavior [ RunTime:-0.001043s ]
INFO: [ view_parse ] --END-- [ RunTime:0.011572s ]
INFO: [ view_filter ] --START--
INFO: Run ContentReplace Behavior [ RunTime:-0.012651s ]
INFO: Run TokenBuild Behavior [ RunTime:-0.012954s ]
INFO: Run WriteHtmlCache Behavior [ RunTime:-0.013221s ]
INFO: Run ShowRuntime Behavior [ RunTime:-0.013390s ]
INFO: [ view_filter ] --END-- [ RunTime:0.001074s ]
INFO: [ view_end ] --START--
INFO: Run ShowPageTrace Behavior [ RunTime:-0.013770s ]
INFO: [ view_end ] --END-- [ RunTime:0.000467s ]

[ 2014-10-28T11:13:50+08:00 ] 0.0.0.0 /savour/index.php/Login/index.html
INFO: [ route_check ] --START--
INFO: Run CheckRoute Behavior [ RunTime:0.000305s ]
INFO: [ route_check ] --END-- [ RunTime:0.000345s ]
INFO: [ app_begin ] --START--
INFO: Run ReadHtmlCache Behavior [ RunTime:-0.000236s ]
INFO: [ app_begin ] --END-- [ RunTime:0.000225s ]
INFO: [ view_template ] --START--
INFO: Run LocationTemplate Behavior [ RunTime:-0.000758s ]
INFO: [ view_template ] --END-- [ RunTime:0.000138s ]
INFO: [ view_parse ] --START--
INFO: Run ParseTemplate Behavior [ RunTime:-0.000915s ]
INFO: [ view_parse ] --END-- [ RunTime:0.011088s ]
INFO: [ view_filter ] --START--
INFO: Run ContentReplace Behavior [ RunTime:-0.012024s ]
INFO: Run TokenBuild Behavior [ RunTime:-0.012238s ]
INFO: Run WriteHtmlCache Behavior [ RunTime:-0.012418s ]
INFO: Run ShowRuntime Behavior [ RunTime:-0.012533s ]
INFO: [ view_filter ] --END-- [ RunTime:0.000741s ]
INFO: [ view_end ] --START--
INFO: Run ShowPageTrace Behavior [ RunTime:-0.012798s ]
INFO: [ view_end ] --END-- [ RunTime:0.000319s ]

[ 2014-10-28T11:13:57+08:00 ] 0.0.0.0 /savour/index.php/Dashboard/index.html
INFO: [ route_check ] --START--
INFO: Run CheckRoute Behavior [ RunTime:0.000315s ]
INFO: [ route_check ] --END-- [ RunTime:0.000352s ]
INFO: [ app_begin ] --START--
INFO: Run ReadHtmlCache Behavior [ RunTime:-0.000235s ]
INFO: [ app_begin ] --END-- [ RunTime:0.000226s ]
INFO: [ view_template ] --START--
INFO: Run LocationTemplate Behavior [ RunTime:-0.000719s ]
INFO: [ view_template ] --END-- [ RunTime:0.000139s ]
INFO: [ view_parse ] --START--
INFO: Run ParseTemplate Behavior [ RunTime:-0.000874s ]
INFO: [ view_parse ] --END-- [ RunTime:0.009240s ]
INFO: [ view_filter ] --START--
INFO: Run ContentReplace Behavior [ RunTime:-0.010142s ]
INFO: Run TokenBuild Behavior [ RunTime:-0.010358s ]
INFO: Run WriteHtmlCache Behavior [ RunTime:-0.010537s ]
INFO: Run ShowRuntime Behavior [ RunTime:-0.010656s ]
INFO: [ view_filter ] --END-- [ RunTime:0.000731s ]
INFO: [ view_end ] --START--
INFO: Run ShowPageTrace Behavior [ RunTime:-0.010900s ]
INFO: [ view_end ] --END-- [ RunTime:0.000287s ]

[ 2014-10-28T11:13:57+08:00 ] ERR: (ThinkException) 非法操作:testClothes
[ 2014-10-28T11:13:57+08:00 ] ERR: (ThinkException) 非法操作:testClothes
[ 2014-10-28T11:13:57+08:00 ] ERR: (ThinkException) 非法操作:testClothes
[ 2014-10-28T11:13:57+08:00 ] ERR: (ThinkException) 非法操作:testClothes
[ 2014-10-28T11:13:57+08:00 ] ERR: (ThinkException) 非法操作:testClothes
[ 2014-10-28T11:13:57+08:00 ] ERR: (ThinkException) 非法操作:testClothes
[ 2014-10-28T11:13:57+08:00 ] ERR: (ThinkException) 非法操作:testClothes
[ 2014-10-28T11:13:57+08:00 ] ERR: (ThinkException) 非法操作:testClothes
[ 2014-10-28T11:13:57+08:00 ] ERR: (ThinkException) 非法操作:testClothes
[ 2014-10-28T11:13:57+08:00 ] ERR: (ThinkException) 非法操作:testClothes
[ 2014-10-28T11:13:57+08:00 ] ERR: (ThinkException) 非法操作:testClothes
[ 2014-10-28T11:13:57+08:00 ] ERR: (ThinkException) 非法操作:testClothes
[ 2014-10-28T11:13:57+08:00 ] ERR: (ThinkException) 非法操作:testClothes
[ 2014-10-28T11:13:57+08:00 ] ERR: (ThinkException) 非法操作:testClothes
[ 2014-10-28T11:13:57+08:00 ] ERR: (ThinkException) 非法操作:testClothes
[ 2014-10-28T11:17:09+08:00 ] 0.0.0.0 /savour/index.php/Dashboard/index.html
INFO: [ route_check ] --START--
INFO: Run CheckRoute Behavior [ RunTime:0.000326s ]
INFO: [ route_check ] --END-- [ RunTime:0.000371s ]
INFO: [ app_begin ] --START--
INFO: Run ReadHtmlCache Behavior [ RunTime:-0.000293s ]
INFO: [ app_begin ] --END-- [ RunTime:0.000290s ]
INFO: [ view_template ] --START--
INFO: Run LocationTemplate Behavior [ RunTime:-0.000996s ]
INFO: [ view_template ] --END-- [ RunTime:0.000220s ]
INFO: [ view_parse ] --START--
INFO: Run ParseTemplate Behavior [ RunTime:-0.001244s ]
INFO: [ view_parse ] --END-- [ RunTime:0.011260s ]
INFO: [ view_filter ] --START--
INFO: Run ContentReplace Behavior [ RunTime:-0.012528s ]
INFO: Run TokenBuild Behavior [ RunTime:-0.012754s ]
INFO: Run WriteHtmlCache Behavior [ RunTime:-0.012938s ]
INFO: Run ShowRuntime Behavior [ RunTime:-0.013058s ]
INFO: [ view_filter ] --END-- [ RunTime:0.000766s ]
INFO: [ view_end ] --START--
INFO: Run ShowPageTrace Behavior [ RunTime:-0.013326s ]
INFO: [ view_end ] --END-- [ RunTime:0.000321s ]

[ 2014-10-28T11:17:10+08:00 ] ERR: (ThinkException) 非法操作:testClothes
[ 2014-10-28T11:17:10+08:00 ] ERR: (ThinkException) 非法操作:testClothes
[ 2014-10-28T11:17:10+08:00 ] ERR: (ThinkException) 非法操作:testClothes
[ 2014-10-28T11:17:10+08:00 ] ERR: (ThinkException) 非法操作:testClothes
[ 2014-10-28T11:17:10+08:00 ] ERR: (ThinkException) 非法操作:testClothes
[ 2014-10-28T11:17:10+08:00 ] ERR: (ThinkException) 非法操作:testClothes
[ 2014-10-28T11:17:10+08:00 ] ERR: (ThinkException) 非法操作:testClothes
[ 2014-10-28T11:17:10+08:00 ] ERR: (ThinkException) 非法操作:testClothes
[ 2014-10-28T11:17:10+08:00 ] ERR: (ThinkException) 非法操作:testClothes
[ 2014-10-28T11:17:10+08:00 ] ERR: (ThinkException) 非法操作:testClothes
[ 2014-10-28T11:17:10+08:00 ] ERR: (ThinkException) 非法操作:testClothes
[ 2014-10-28T11:17:10+08:00 ] ERR: (ThinkException) 非法操作:testClothes
[ 2014-10-28T11:17:10+08:00 ] ERR: (ThinkException) 非法操作:testClothes
[ 2014-10-28T11:17:10+08:00 ] ERR: (ThinkException) 非法操作:testClothes
[ 2014-10-28T11:17:10+08:00 ] ERR: (ThinkException) 非法操作:testClothes
[ 2014-10-28T11:17:20+08:00 ] 0.0.0.0 /savour/index.php/Login/index.html
INFO: [ route_check ] --START--
INFO: Run CheckRoute Behavior [ RunTime:0.000632s ]
INFO: [ route_check ] --END-- [ RunTime:0.000705s ]
INFO: [ app_begin ] --START--
INFO: Run ReadHtmlCache Behavior [ RunTime:-0.000402s ]
INFO: [ app_begin ] --END-- [ RunTime:0.000272s ]
INFO: [ view_template ] --START--
INFO: Run LocationTemplate Behavior [ RunTime:-0.001054s ]
INFO: [ view_template ] --END-- [ RunTime:0.000165s ]
INFO: [ view_parse ] --START--
INFO: Run ParseTemplate Behavior [ RunTime:-0.001242s ]
INFO: [ view_parse ] --END-- [ RunTime:0.011909s ]
INFO: [ view_filter ] --START--
INFO: Run ContentReplace Behavior [ RunTime:-0.013186s ]
INFO: Run TokenBuild Behavior [ RunTime:-0.013492s ]
INFO: Run WriteHtmlCache Behavior [ RunTime:-0.013764s ]
INFO: Run ShowRuntime Behavior [ RunTime:-0.013944s ]
INFO: [ view_filter ] --END-- [ RunTime:0.001117s ]
INFO: [ view_end ] --START--
INFO: Run ShowPageTrace Behavior [ RunTime:-0.014354s ]
INFO: [ view_end ] --END-- [ RunTime:0.000852s ]

[ 2014-10-28T11:17:25+08:00 ] 0.0.0.0 /savour/index.php/Login/index.html
INFO: [ route_check ] --START--
INFO: Run CheckRoute Behavior [ RunTime:0.000338s ]
INFO: [ route_check ] --END-- [ RunTime:0.000383s ]
INFO: [ app_begin ] --START--
INFO: Run ReadHtmlCache Behavior [ RunTime:-0.000269s ]
INFO: [ app_begin ] --END-- [ RunTime:0.000252s ]
INFO: [ view_template ] --START--
INFO: Run LocationTemplate Behavior [ RunTime:-0.000846s ]
INFO: [ view_template ] --END-- [ RunTime:0.000161s ]
INFO: [ view_parse ] --START--
INFO: Run ParseTemplate Behavior [ RunTime:-0.001025s ]
INFO: [ view_parse ] --END-- [ RunTime:0.003362s ]
INFO: [ view_filter ] --START--
INFO: Run ContentReplace Behavior [ RunTime:-0.004400s ]
INFO: Run TokenBuild Behavior [ RunTime:-0.004545s ]
INFO: Run WriteHtmlCache Behavior [ RunTime:-0.004685s ]
INFO: Run ShowRuntime Behavior [ RunTime:-0.004774s ]
INFO: [ view_filter ] --END-- [ RunTime:0.000550s ]
INFO: [ view_end ] --START--
INFO: Run ShowPageTrace Behavior [ RunTime:-0.004975s ]
INFO: [ view_end ] --END-- [ RunTime:0.000243s ]

[ 2014-10-28T11:17:28+08:00 ] 0.0.0.0 /savour/index.php/Dashboard/index.html
INFO: [ route_check ] --START--
INFO: Run CheckRoute Behavior [ RunTime:0.000585s ]
INFO: [ route_check ] --END-- [ RunTime:0.000655s ]
INFO: [ app_begin ] --START--
INFO: Run ReadHtmlCache Behavior [ RunTime:-0.000370s ]
INFO: [ app_begin ] --END-- [ RunTime:0.000270s ]
INFO: [ view_template ] --START--
INFO: Run LocationTemplate Behavior [ RunTime:-0.000910s ]
INFO: [ view_template ] --END-- [ RunTime:0.000192s ]
INFO: [ view_parse ] --START--
INFO: Run ParseTemplate Behavior [ RunTime:-0.001119s ]
INFO: [ view_parse ] --END-- [ RunTime:0.009190s ]
INFO: [ view_filter ] --START--
INFO: Run ContentReplace Behavior [ RunTime:-0.010352s ]
INFO: Run TokenBuild Behavior [ RunTime:-0.010664s ]
INFO: Run WriteHtmlCache Behavior [ RunTime:-0.010932s ]
INFO: Run ShowRuntime Behavior [ RunTime:-0.011102s ]
INFO: [ view_filter ] --END-- [ RunTime:0.001112s ]
INFO: [ view_end ] --START--
INFO: Run ShowPageTrace Behavior [ RunTime:-0.011515s ]
INFO: [ view_end ] --END-- [ RunTime:0.000472s ]

[ 2014-10-28T11:17:29+08:00 ] ERR: (ThinkException) 非法操作:testClothes
[ 2014-10-28T11:17:29+08:00 ] ERR: (ThinkException) 非法操作:testClothes
[ 2014-10-28T11:17:29+08:00 ] ERR: (ThinkException) 非法操作:testClothes
[ 2014-10-28T11:17:29+08:00 ] ERR: (ThinkException) 非法操作:testClothes
[ 2014-10-28T11:17:29+08:00 ] ERR: (ThinkException) 非法操作:testClothes
[ 2014-10-28T11:17:29+08:00 ] ERR: (ThinkException) 非法操作:testClothes
[ 2014-10-28T11:17:29+08:00 ] ERR: (ThinkException) 非法操作:testClothes
[ 2014-10-28T11:17:29+08:00 ] ERR: (ThinkException) 非法操作:testClothes
[ 2014-10-28T11:17:29+08:00 ] ERR: (ThinkException) 非法操作:testClothes
[ 2014-10-28T11:17:29+08:00 ] ERR: (ThinkException) 非法操作:testClothes
[ 2014-10-28T11:17:29+08:00 ] ERR: (ThinkException) 非法操作:testClothes
[ 2014-10-28T11:17:29+08:00 ] ERR: (ThinkException) 非法操作:testClothes
[ 2014-10-28T11:17:29+08:00 ] ERR: (ThinkException) 非法操作:testClothes
[ 2014-10-28T11:17:29+08:00 ] ERR: (ThinkException) 非法操作:testClothes
[ 2014-10-28T11:17:29+08:00 ] ERR: (ThinkException) 非法操作:testClothes
[ 2014-10-28T11:26:35+08:00 ] 0.0.0.0 /savour/index.php/Login/index.html
INFO: [ route_check ] --START--
INFO: Run CheckRoute Behavior [ RunTime:0.000326s ]
INFO: [ route_check ] --END-- [ RunTime:0.000366s ]
INFO: [ app_begin ] --START--
INFO: Run ReadHtmlCache Behavior [ RunTime:-0.000260s ]
INFO: [ app_begin ] --END-- [ RunTime:0.000234s ]
INFO: [ view_template ] --START--
INFO: Run LocationTemplate Behavior [ RunTime:-0.000824s ]
INFO: [ view_template ] --END-- [ RunTime:0.000144s ]
INFO: [ view_parse ] --START--
INFO: Run ParseTemplate Behavior [ RunTime:-0.000988s ]
INFO: [ view_parse ] --END-- [ RunTime:0.010855s ]
INFO: [ view_filter ] --START--
INFO: Run ContentReplace Behavior [ RunTime:-0.011878s ]
INFO: Run TokenBuild Behavior [ RunTime:-0.012187s ]
INFO: Run WriteHtmlCache Behavior [ RunTime:-0.012461s ]
INFO: Run ShowRuntime Behavior [ RunTime:-0.012639s ]
INFO: [ view_filter ] --END-- [ RunTime:0.001099s ]
INFO: [ view_end ] --START--
INFO: Run ShowPageTrace Behavior [ RunTime:-0.013023s ]
INFO: [ view_end ] --END-- [ RunTime:0.000470s ]

[ 2014-10-28T13:36:50+08:00 ] 0.0.0.0 /savour/
INFO: [ app_begin ] --START--
INFO: Run ReadHtmlCache Behavior [ RunTime:0.000370s ]
INFO: [ app_begin ] --END-- [ RunTime:0.000436s ]
INFO: [ view_template ] --START--
INFO: Run LocationTemplate Behavior [ RunTime:-0.008372s ]
INFO: [ view_template ] --END-- [ RunTime:0.000232s ]
INFO: [ view_parse ] --START--
INFO: Run ParseTemplate Behavior [ RunTime:-0.008619s ]
INFO: [ view_parse ] --END-- [ RunTime:0.004920s ]
INFO: [ view_filter ] --START--
INFO: Run ContentReplace Behavior [ RunTime:-0.013564s ]
INFO: Run TokenBuild Behavior [ RunTime:-0.013770s ]
INFO: Run WriteHtmlCache Behavior [ RunTime:-0.013958s ]
INFO: Run ShowRuntime Behavior [ RunTime:-0.014079s ]
INFO: [ view_filter ] --END-- [ RunTime:0.000752s ]
INFO: [ view_end ] --START--
INFO: Run ShowPageTrace Behavior [ RunTime:-0.014349s ]
INFO: [ view_end ] --END-- [ RunTime:0.000331s ]

[ 2014-10-28T13:37:23+08:00 ] 0.0.0.0 /savour/index.php/Login/index.html
INFO: [ route_check ] --START--
INFO: Run CheckRoute Behavior [ RunTime:0.000322s ]
INFO: [ route_check ] --END-- [ RunTime:0.000363s ]
INFO: [ app_begin ] --START--
INFO: Run ReadHtmlCache Behavior [ RunTime:-0.000259s ]
INFO: [ app_begin ] --END-- [ RunTime:0.000233s ]
INFO: [ view_template ] --START--
INFO: Run LocationTemplate Behavior [ RunTime:-0.000815s ]
INFO: [ view_template ] --END-- [ RunTime:0.000144s ]
INFO: [ view_parse ] --START--
INFO: Run ParseTemplate Behavior [ RunTime:-0.000977s ]
INFO: [ view_parse ] --END-- [ RunTime:0.014059s ]
INFO: [ view_filter ] --START--
INFO: Run ContentReplace Behavior [ RunTime:-0.015058s ]
INFO: Run TokenBuild Behavior [ RunTime:-0.015260s ]
INFO: Run WriteHtmlCache Behavior [ RunTime:-0.015441s ]
INFO: Run ShowRuntime Behavior [ RunTime:-0.015557s ]
INFO: [ view_filter ] --END-- [ RunTime:0.000727s ]
INFO: [ view_end ] --START--
INFO: Run ShowPageTrace Behavior [ RunTime:-0.015816s ]
INFO: [ view_end ] --END-- [ RunTime:0.000307s ]

[ 2014-10-28T13:37:30+08:00 ] 0.0.0.0 /savour/index.php/Dashboard/index.html
INFO: [ route_check ] --START--
INFO: Run CheckRoute Behavior [ RunTime:0.001027s ]
INFO: [ route_check ] --END-- [ RunTime:0.001177s ]
INFO: [ app_begin ] --START--
INFO: Run ReadHtmlCache Behavior [ RunTime:-0.001249s ]
INFO: [ app_begin ] --END-- [ RunTime:0.001219s ]
INFO: [ view_template ] --START--
INFO: Run LocationTemplate Behavior [ RunTime:-0.004552s ]
INFO: [ view_template ] --END-- [ RunTime:0.000199s ]
INFO: [ view_parse ] --START--
INFO: Run ParseTemplate Behavior [ RunTime:-0.004762s ]
INFO: [ view_parse ] --END-- [ RunTime:0.007617s ]
INFO: [ view_filter ] --START--
INFO: Run ContentReplace Behavior [ RunTime:-0.012421s ]
INFO: Run TokenBuild Behavior [ RunTime:-0.012702s ]
INFO: Run WriteHtmlCache Behavior [ RunTime:-0.012944s ]
INFO: Run ShowRuntime Behavior [ RunTime:-0.013097s ]
INFO: [ view_filter ] --END-- [ RunTime:0.000988s ]
INFO: [ view_end ] --START--
INFO: Run ShowPageTrace Behavior [ RunTime:-0.013451s ]
INFO: [ view_end ] --END-- [ RunTime:0.000426s ]

[ 2014-10-28T13:37:31+08:00 ] ERR: (ThinkException) 非法操作:testClothes
[ 2014-10-28T13:37:31+08:00 ] ERR: (ThinkException) 非法操作:testClothes
[ 2014-10-28T13:37:31+08:00 ] ERR: (ThinkException) 非法操作:testClothes
[ 2014-10-28T13:37:31+08:00 ] ERR: (ThinkException) 非法操作:testClothes
[ 2014-10-28T13:37:31+08:00 ] ERR: (ThinkException) 非法操作:testClothes
[ 2014-10-28T13:37:31+08:00 ] ERR: (ThinkException) 非法操作:testClothes
[ 2014-10-28T13:37:31+08:00 ] ERR: (ThinkException) 非法操作:testClothes
[ 2014-10-28T13:37:31+08:00 ] ERR: (ThinkException) 非法操作:testClothes
[ 2014-10-28T13:37:31+08:00 ] ERR: (ThinkException) 非法操作:testClothes
[ 2014-10-28T13:37:31+08:00 ] ERR: (ThinkException) 非法操作:testClothes
[ 2014-10-28T13:37:31+08:00 ] ERR: (ThinkException) 非法操作:testClothes
[ 2014-10-28T13:37:31+08:00 ] ERR: (ThinkException) 非法操作:testClothes
[ 2014-10-28T13:37:31+08:00 ] ERR: (ThinkException) 非法操作:testClothes
[ 2014-10-28T13:37:31+08:00 ] ERR: (ThinkException) 非法操作:testClothes
[ 2014-10-28T13:37:31+08:00 ] ERR: (ThinkException) 非法操作:testClothes
[ 2014-10-28T13:45:10+08:00 ] 0.0.0.0 /savour/index.php/Dashboard/index.html
INFO: [ route_check ] --START--
INFO: Run CheckRoute Behavior [ RunTime:0.000313s ]
INFO: [ route_check ] --END-- [ RunTime:0.000362s ]
INFO: [ app_begin ] --START--
INFO: Run ReadHtmlCache Behavior [ RunTime:-0.000238s ]
INFO: [ app_begin ] --END-- [ RunTime:0.000238s ]
INFO: [ view_template ] --START--
INFO: Run LocationTemplate Behavior [ RunTime:-0.000748s ]
INFO: [ view_template ] --END-- [ RunTime:0.000148s ]
INFO: [ view_parse ] --START--
INFO: Run ParseTemplate Behavior [ RunTime:-0.000912s ]
INFO: [ view_parse ] --END-- [ RunTime:0.014927s ]
INFO: [ view_filter ] --START--
INFO: Run ContentReplace Behavior [ RunTime:-0.015866s ]
INFO: Run TokenBuild Behavior [ RunTime:-0.016085s ]
INFO: Run WriteHtmlCache Behavior [ RunTime:-0.016270s ]
INFO: Run ShowRuntime Behavior [ RunTime:-0.016389s ]
INFO: [ view_filter ] --END-- [ RunTime:0.000754s ]
INFO: [ view_end ] --START--
INFO: Run ShowPageTrace Behavior [ RunTime:-0.016650s ]
INFO: [ view_end ] --END-- [ RunTime:0.000313s ]

[ 2014-10-28T13:45:11+08:00 ] ERR: (ThinkException) 非法操作:testClothes
[ 2014-10-28T13:45:11+08:00 ] ERR: (ThinkException) 非法操作:testClothes
[ 2014-10-28T13:45:11+08:00 ] ERR: (ThinkException) 非法操作:testClothes
[ 2014-10-28T13:45:11+08:00 ] ERR: (ThinkException) 非法操作:testClothes
[ 2014-10-28T13:45:11+08:00 ] ERR: (ThinkException) 非法操作:testClothes
[ 2014-10-28T13:45:11+08:00 ] ERR: (ThinkException) 非法操作:testClothes
[ 2014-10-28T13:45:11+08:00 ] ERR: (ThinkException) 非法操作:testClothes
[ 2014-10-28T13:45:11+08:00 ] ERR: (ThinkException) 非法操作:testClothes
[ 2014-10-28T13:45:11+08:00 ] ERR: (ThinkException) 非法操作:testClothes
[ 2014-10-28T13:45:11+08:00 ] ERR: (ThinkException) 非法操作:testClothes
[ 2014-10-28T13:45:11+08:00 ] ERR: (ThinkException) 非法操作:testClothes
[ 2014-10-28T13:45:11+08:00 ] ERR: (ThinkException) 非法操作:testClothes
[ 2014-10-28T13:45:11+08:00 ] ERR: (ThinkException) 非法操作:testClothes
[ 2014-10-28T13:45:11+08:00 ] ERR: (ThinkException) 非法操作:testClothes
[ 2014-10-28T13:45:11+08:00 ] ERR: (ThinkException) 非法操作:testClothes
[ 2014-10-28T13:45:59+08:00 ] 0.0.0.0 /savour/index.php/Dashboard/index.html
INFO: [ route_check ] --START--
INFO: Run CheckRoute Behavior [ RunTime:0.000346s ]
INFO: [ route_check ] --END-- [ RunTime:0.000388s ]
INFO: [ app_begin ] --START--
INFO: Run ReadHtmlCache Behavior [ RunTime:-0.000285s ]
INFO: [ app_begin ] --END-- [ RunTime:0.000262s ]
INFO: [ view_template ] --START--
INFO: Run LocationTemplate Behavior [ RunTime:-0.000814s ]
INFO: [ view_template ] --END-- [ RunTime:0.000145s ]
INFO: [ view_parse ] --START--
INFO: Run ParseTemplate Behavior [ RunTime:-0.000975s ]
INFO: [ view_parse ] --END-- [ RunTime:0.016796s ]
INFO: [ view_filter ] --START--
INFO: Run ContentReplace Behavior [ RunTime:-0.017814s ]
INFO: Run TokenBuild Behavior [ RunTime:-0.018139s ]
INFO: Run WriteHtmlCache Behavior [ RunTime:-0.018415s ]
INFO: Run ShowRuntime Behavior [ RunTime:-0.018593s ]
INFO: [ view_filter ] --END-- [ RunTime:0.001126s ]
INFO: [ view_end ] --START--
INFO: Run ShowPageTrace Behavior [ RunTime:-0.018986s ]
INFO: [ view_end ] --END-- [ RunTime:0.000471s ]

[ 2014-10-28T13:46:00+08:00 ] ERR: (ThinkException) 非法操作:testClothes
[ 2014-10-28T13:46:00+08:00 ] ERR: (ThinkException) 非法操作:testClothes
[ 2014-10-28T13:46:00+08:00 ] ERR: (ThinkException) 非法操作:testClothes
[ 2014-10-28T13:46:00+08:00 ] ERR: (ThinkException) 非法操作:testClothes
[ 2014-10-28T13:46:00+08:00 ] ERR: (ThinkException) 非法操作:testClothes
[ 2014-10-28T13:46:00+08:00 ] ERR: (ThinkException) 非法操作:testClothes
[ 2014-10-28T13:46:00+08:00 ] ERR: (ThinkException) 非法操作:testClothes
[ 2014-10-28T13:46:00+08:00 ] ERR: (ThinkException) 非法操作:testClothes
[ 2014-10-28T13:46:00+08:00 ] ERR: (ThinkException) 非法操作:testClothes
[ 2014-10-28T13:46:00+08:00 ] ERR: (ThinkException) 非法操作:testClothes
[ 2014-10-28T13:46:00+08:00 ] ERR: (ThinkException) 非法操作:testClothes
[ 2014-10-28T13:46:00+08:00 ] ERR: (ThinkException) 非法操作:testClothes
[ 2014-10-28T13:46:00+08:00 ] ERR: (ThinkException) 非法操作:testClothes
[ 2014-10-28T13:46:00+08:00 ] ERR: (ThinkException) 非法操作:testClothes
[ 2014-10-28T13:46:00+08:00 ] ERR: (ThinkException) 非法操作:testClothes
[ 2014-10-28T13:50:02+08:00 ] 0.0.0.0 /savour/index.php/Dashboard/index.html
INFO: [ route_check ] --START--
INFO: Run CheckRoute Behavior [ RunTime:0.000306s ]
INFO: [ route_check ] --END-- [ RunTime:0.000344s ]
INFO: [ app_begin ] --START--
INFO: Run ReadHtmlCache Behavior [ RunTime:-0.000311s ]
INFO: [ app_begin ] --END-- [ RunTime:0.000370s ]
INFO: [ view_template ] --START--
INFO: Run LocationTemplate Behavior [ RunTime:-0.000969s ]
INFO: [ view_template ] --END-- [ RunTime:0.000175s ]
INFO: [ view_parse ] --START--
INFO: Run ParseTemplate Behavior [ RunTime:-0.001167s ]
INFO: [ view_parse ] --END-- [ RunTime:0.012288s ]
INFO: [ view_filter ] --START--
INFO: Run ContentReplace Behavior [ RunTime:-0.013485s ]
INFO: Run TokenBuild Behavior [ RunTime:-0.013744s ]
INFO: Run WriteHtmlCache Behavior [ RunTime:-0.013956s ]
INFO: Run ShowRuntime Behavior [ RunTime:-0.014086s ]
INFO: [ view_filter ] --END-- [ RunTime:0.000873s ]
INFO: [ view_end ] --START--
INFO: Run ShowPageTrace Behavior [ RunTime:-0.014391s ]
INFO: [ view_end ] --END-- [ RunTime:0.000403s ]

[ 2014-10-28T13:50:03+08:00 ] ERR: (ThinkException) 非法操作:testClothes
[ 2014-10-28T13:50:03+08:00 ] ERR: (ThinkException) 非法操作:testClothes
[ 2014-10-28T13:50:03+08:00 ] ERR: (ThinkException) 非法操作:testClothes
[ 2014-10-28T13:50:03+08:00 ] ERR: (ThinkException) 非法操作:testClothes
[ 2014-10-28T13:50:03+08:00 ] ERR: (ThinkException) 非法操作:testClothes
[ 2014-10-28T13:50:03+08:00 ] ERR: (ThinkException) 非法操作:testClothes
[ 2014-10-28T13:50:03+08:00 ] ERR: (ThinkException) 非法操作:testClothes
[ 2014-10-28T13:50:03+08:00 ] ERR: (ThinkException) 非法操作:testClothes
[ 2014-10-28T13:50:03+08:00 ] ERR: (ThinkException) 非法操作:testClothes
[ 2014-10-28T13:50:03+08:00 ] ERR: (ThinkException) 非法操作:testClothes
[ 2014-10-28T13:50:03+08:00 ] ERR: (ThinkException) 非法操作:testClothes
[ 2014-10-28T13:50:03+08:00 ] ERR: (ThinkException) 非法操作:testClothes
[ 2014-10-28T13:50:03+08:00 ] ERR: (ThinkException) 非法操作:testClothes
[ 2014-10-28T13:50:03+08:00 ] ERR: (ThinkException) 非法操作:testClothes
[ 2014-10-28T13:50:03+08:00 ] ERR: (ThinkException) 非法操作:testClothes
[ 2014-10-28T13:52:30+08:00 ] 0.0.0.0 /savour/index.php/Dashboard/index.html
INFO: [ route_check ] --START--
INFO: Run CheckRoute Behavior [ RunTime:0.000596s ]
INFO: [ route_check ] --END-- [ RunTime:0.000734s ]
INFO: [ app_begin ] --START--
INFO: Run ReadHtmlCache Behavior [ RunTime:-0.001576s ]
INFO: [ app_begin ] --END-- [ RunTime:0.000933s ]
INFO: [ view_template ] --START--
INFO: Run LocationTemplate Behavior [ RunTime:-0.008938s ]
INFO: [ view_template ] --END-- [ RunTime:0.001076s ]
INFO: [ view_parse ] --START--
INFO: Run ParseTemplate Behavior [ RunTime:-0.010000s ]
INFO: [ view_parse ] --END-- [ RunTime:0.010047s ]
INFO: [ view_filter ] --START--
INFO: Run ContentReplace Behavior [ RunTime:-0.020120s ]
INFO: Run TokenBuild Behavior [ RunTime:-0.020630s ]
INFO: Run WriteHtmlCache Behavior [ RunTime:-0.021069s ]
INFO: Run ShowRuntime Behavior [ RunTime:-0.021573s ]
INFO: [ view_filter ] --END-- [ RunTime:0.001946s ]
INFO: [ view_end ] --START--
INFO: Run ShowPageTrace Behavior [ RunTime:-0.022080s ]
INFO: [ view_end ] --END-- [ RunTime:0.000555s ]

[ 2014-10-28T13:52:30+08:00 ] ERR: (ThinkException) 非法操作:testClothes
[ 2014-10-28T13:52:30+08:00 ] ERR: (ThinkException) 非法操作:testClothes
[ 2014-10-28T13:52:30+08:00 ] ERR: (ThinkException) 非法操作:testClothes
[ 2014-10-28T13:52:30+08:00 ] ERR: (ThinkException) 非法操作:testClothes
[ 2014-10-28T13:52:30+08:00 ] ERR: (ThinkException) 非法操作:testClothes
[ 2014-10-28T13:52:30+08:00 ] ERR: (ThinkException) 非法操作:testClothes
[ 2014-10-28T13:52:30+08:00 ] ERR: (ThinkException) 非法操作:testClothes
[ 2014-10-28T13:52:30+08:00 ] ERR: (ThinkException) 非法操作:testClothes
[ 2014-10-28T13:52:30+08:00 ] ERR: (ThinkException) 非法操作:testClothes
[ 2014-10-28T13:52:30+08:00 ] ERR: (ThinkException) 非法操作:testClothes
[ 2014-10-28T13:52:30+08:00 ] ERR: (ThinkException) 非法操作:testClothes
[ 2014-10-28T13:52:30+08:00 ] ERR: (ThinkException) 非法操作:testClothes
[ 2014-10-28T13:52:30+08:00 ] ERR: (ThinkException) 非法操作:testClothes
[ 2014-10-28T13:52:30+08:00 ] ERR: (ThinkException) 非法操作:testClothes
[ 2014-10-28T13:52:30+08:00 ] ERR: (ThinkException) 非法操作:testClothes
[ 2014-10-28T13:55:02+08:00 ] 0.0.0.0 /savour/index.php/Dashboard/index.html
INFO: [ route_check ] --START--
INFO: Run CheckRoute Behavior [ RunTime:0.000409s ]
INFO: [ route_check ] --END-- [ RunTime:0.000482s ]
INFO: [ app_begin ] --START--
INFO: Run ReadHtmlCache Behavior [ RunTime:-0.000538s ]
INFO: [ app_begin ] --END-- [ RunTime:0.000420s ]
INFO: [ view_template ] --START--
INFO: Run LocationTemplate Behavior [ RunTime:-0.001582s ]
INFO: [ view_template ] --END-- [ RunTime:0.000298s ]
INFO: [ view_parse ] --START--
INFO: Run ParseTemplate Behavior [ RunTime:-0.001909s ]
INFO: [ view_parse ] --END-- [ RunTime:0.012807s ]
INFO: [ view_filter ] --START--
INFO: Run ContentReplace Behavior [ RunTime:-0.014754s ]
INFO: Run TokenBuild Behavior [ RunTime:-0.015126s ]
INFO: Run WriteHtmlCache Behavior [ RunTime:-0.015514s ]
INFO: Run ShowRuntime Behavior [ RunTime:-0.015737s ]
INFO: [ view_filter ] --END-- [ RunTime:0.001360s ]
INFO: [ view_end ] --START--
INFO: Run ShowPageTrace Behavior [ RunTime:-0.016169s ]
INFO: [ view_end ] --END-- [ RunTime:0.000518s ]

[ 2014-10-28T13:55:02+08:00 ] ERR: (ThinkException) 非法操作:testClothes
[ 2014-10-28T13:55:02+08:00 ] ERR: (ThinkException) 非法操作:testClothes
[ 2014-10-28T13:55:02+08:00 ] ERR: (ThinkException) 非法操作:testClothes
[ 2014-10-28T13:55:02+08:00 ] ERR: (ThinkException) 非法操作:testClothes
[ 2014-10-28T13:55:02+08:00 ] ERR: (ThinkException) 非法操作:testClothes
[ 2014-10-28T13:55:02+08:00 ] ERR: (ThinkException) 非法操作:testClothes
[ 2014-10-28T13:55:02+08:00 ] ERR: (ThinkException) 非法操作:testClothes
[ 2014-10-28T13:55:02+08:00 ] ERR: (ThinkException) 非法操作:testClothes
[ 2014-10-28T13:55:02+08:00 ] ERR: (ThinkException) 非法操作:testClothes
[ 2014-10-28T13:55:02+08:00 ] ERR: (ThinkException) 非法操作:testClothes
[ 2014-10-28T13:55:02+08:00 ] ERR: (ThinkException) 非法操作:testClothes
[ 2014-10-28T13:55:02+08:00 ] ERR: (ThinkException) 非法操作:testClothes
[ 2014-10-28T13:55:02+08:00 ] ERR: (ThinkException) 非法操作:testClothes
[ 2014-10-28T13:55:02+08:00 ] ERR: (ThinkException) 非法操作:testClothes
[ 2014-10-28T13:55:02+08:00 ] ERR: (ThinkException) 非法操作:testClothes
[ 2014-10-28T13:59:35+08:00 ] 0.0.0.0 /savour/index.php/Dashboard/index.html
INFO: [ route_check ] --START--
INFO: Run CheckRoute Behavior [ RunTime:0.000576s ]
INFO: [ route_check ] --END-- [ RunTime:0.000641s ]
INFO: [ app_begin ] --START--
INFO: Run ReadHtmlCache Behavior [ RunTime:-0.000406s ]
INFO: [ app_begin ] --END-- [ RunTime:0.000270s ]
INFO: [ view_template ] --START--
INFO: Run LocationTemplate Behavior [ RunTime:-0.000982s ]
INFO: [ view_template ] --END-- [ RunTime:0.000168s ]
INFO: [ view_parse ] --START--
INFO: Run ParseTemplate Behavior [ RunTime:-0.001167s ]
INFO: [ view_parse ] --END-- [ RunTime:0.009417s ]
INFO: [ view_filter ] --START--
INFO: Run ContentReplace Behavior [ RunTime:-0.010631s ]
INFO: Run TokenBuild Behavior [ RunTime:-0.011076s ]
INFO: Run WriteHtmlCache Behavior [ RunTime:-0.011597s ]
INFO: Run ShowRuntime Behavior [ RunTime:-0.012188s ]
INFO: [ view_filter ] --END-- [ RunTime:0.002453s ]
INFO: [ view_end ] --START--
INFO: Run ShowPageTrace Behavior [ RunTime:-0.013225s ]
INFO: [ view_end ] --END-- [ RunTime:0.000764s ]

[ 2014-10-28T13:59:36+08:00 ] ERR: (ThinkException) 非法操作:testClothes
[ 2014-10-28T13:59:36+08:00 ] ERR: (ThinkException) 非法操作:testClothes
[ 2014-10-28T13:59:36+08:00 ] ERR: (ThinkException) 非法操作:testClothes
[ 2014-10-28T13:59:36+08:00 ] ERR: (ThinkException) 非法操作:testClothes
[ 2014-10-28T13:59:36+08:00 ] ERR: (ThinkException) 非法操作:testClothes
[ 2014-10-28T13:59:36+08:00 ] ERR: (ThinkException) 非法操作:testClothes
[ 2014-10-28T13:59:36+08:00 ] ERR: (ThinkException) 非法操作:testClothes
[ 2014-10-28T13:59:36+08:00 ] ERR: (ThinkException) 非法操作:testClothes
[ 2014-10-28T13:59:36+08:00 ] ERR: (ThinkException) 非法操作:testClothes
[ 2014-10-28T13:59:36+08:00 ] ERR: (ThinkException) 非法操作:testClothes
[ 2014-10-28T13:59:36+08:00 ] ERR: (ThinkException) 非法操作:testClothes
[ 2014-10-28T13:59:36+08:00 ] ERR: (ThinkException) 非法操作:testClothes
[ 2014-10-28T13:59:36+08:00 ] ERR: (ThinkException) 非法操作:testClothes
[ 2014-10-28T13:59:36+08:00 ] ERR: (ThinkException) 非法操作:testClothes
[ 2014-10-28T13:59:36+08:00 ] ERR: (ThinkException) 非法操作:testClothes
[ 2014-10-28T14:00:09+08:00 ] 0.0.0.0 /savour/index.php/Dashboard/index.html
INFO: [ route_check ] --START--
INFO: Run CheckRoute Behavior [ RunTime:0.000314s ]
INFO: [ route_check ] --END-- [ RunTime:0.000355s ]
INFO: [ app_begin ] --START--
INFO: Run ReadHtmlCache Behavior [ RunTime:-0.000271s ]
INFO: [ app_begin ] --END-- [ RunTime:0.000235s ]
INFO: [ view_template ] --START--
INFO: Run LocationTemplate Behavior [ RunTime:-0.000768s ]
INFO: [ view_template ] --END-- [ RunTime:0.000143s ]
INFO: [ view_parse ] --START--
INFO: Run ParseTemplate Behavior [ RunTime:-0.000926s ]
INFO: [ view_parse ] --END-- [ RunTime:0.008903s ]
INFO: [ view_filter ] --START--
INFO: Run ContentReplace Behavior [ RunTime:-0.009878s ]
INFO: Run TokenBuild Behavior [ RunTime:-0.010241s ]
INFO: Run WriteHtmlCache Behavior [ RunTime:-0.010584s ]
INFO: Run ShowRuntime Behavior [ RunTime:-0.010914s ]
INFO: [ view_filter ] --END-- [ RunTime:0.001469s ]
INFO: [ view_end ] --START--
INFO: Run ShowPageTrace Behavior [ RunTime:-0.011397s ]
INFO: [ view_end ] --END-- [ RunTime:0.000468s ]

[ 2014-10-28T14:00:09+08:00 ] ERR: (ThinkException) 非法操作:testClothes
[ 2014-10-28T14:00:09+08:00 ] ERR: (ThinkException) 非法操作:testClothes
[ 2014-10-28T14:00:09+08:00 ] ERR: (ThinkException) 非法操作:testClothes
[ 2014-10-28T14:00:09+08:00 ] ERR: (ThinkException) 非法操作:testClothes
[ 2014-10-28T14:00:09+08:00 ] ERR: (ThinkException) 非法操作:testClothes
[ 2014-10-28T14:00:09+08:00 ] ERR: (ThinkException) 非法操作:testClothes
[ 2014-10-28T14:00:09+08:00 ] ERR: (ThinkException) 非法操作:testClothes
[ 2014-10-28T14:00:09+08:00 ] ERR: (ThinkException) 非法操作:testClothes
[ 2014-10-28T14:00:09+08:00 ] ERR: (ThinkException) 非法操作:testClothes
[ 2014-10-28T14:00:09+08:00 ] ERR: (ThinkException) 非法操作:testClothes
[ 2014-10-28T14:00:09+08:00 ] ERR: (ThinkException) 非法操作:testClothes
[ 2014-10-28T14:00:09+08:00 ] ERR: (ThinkException) 非法操作:testClothes
[ 2014-10-28T14:00:09+08:00 ] ERR: (ThinkException) 非法操作:testClothes
[ 2014-10-28T14:00:09+08:00 ] ERR: (ThinkException) 非法操作:testClothes
[ 2014-10-28T14:00:09+08:00 ] ERR: (ThinkException) 非法操作:testClothes
