[ 2014-10-27T09:52:26+08:00 ] 0.0.0.0 /savour/
INFO: [ app_begin ] --START--
INFO: Run ReadHtmlCache Behavior [ RunTime:0.002378s ]
INFO: [ app_begin ] --END-- [ RunTime:0.005088s ]
INFO: [ view_template ] --START--
INFO: Run LocationTemplate Behavior [ RunTime:-0.006473s ]
INFO: [ view_template ] --END-- [ RunTime:0.000748s ]
INFO: [ view_parse ] --START--
INFO: Run ParseTemplate Behavior [ RunTime:-0.007253s ]
INFO: [ view_parse ] --END-- [ RunTime:0.011076s ]
INFO: [ view_filter ] --START--
INFO: Run ContentReplace Behavior [ RunTime:-0.018343s ]
INFO: Run TokenBuild Behavior [ RunTime:-0.018936s ]
INFO: Run WriteHtmlCache Behavior [ RunTime:-0.019523s ]
INFO: Run ShowRuntime Behavior [ RunTime:-0.019986s ]
INFO: [ view_filter ] --END-- [ RunTime:0.002305s ]
INFO: [ view_end ] --START--
INFO: Run ShowPageTrace Behavior [ RunTime:-0.020688s ]
INFO: [ view_end ] --END-- [ RunTime:0.000894s ]

[ 2014-10-27T09:52:59+08:00 ] 0.0.0.0 /savour/
INFO: [ app_begin ] --START--
INFO: Run ReadHtmlCache Behavior [ RunTime:0.000328s ]
INFO: [ app_begin ] --END-- [ RunTime:0.000413s ]
INFO: [ view_template ] --START--
INFO: Run LocationTemplate Behavior [ RunTime:-0.000593s ]
INFO: [ view_template ] --END-- [ RunTime:0.000209s ]
INFO: [ view_parse ] --START--
INFO: Run ParseTemplate Behavior [ RunTime:-0.000820s ]
INFO: [ view_parse ] --END-- [ RunTime:0.005381s ]
INFO: [ view_filter ] --START--
INFO: Run ContentReplace Behavior [ RunTime:-0.006237s ]
INFO: Run TokenBuild Behavior [ RunTime:-0.006587s ]
INFO: Run WriteHtmlCache Behavior [ RunTime:-0.006931s ]
INFO: Run ShowRuntime Behavior [ RunTime:-0.007144s ]
INFO: [ view_filter ] --END-- [ RunTime:0.001335s ]
INFO: [ view_end ] --START--
INFO: Run ShowPageTrace Behavior [ RunTime:-0.007619s ]
INFO: [ view_end ] --END-- [ RunTime:0.000598s ]

[ 2014-10-27T09:54:06+08:00 ] 0.0.0.0 /savour/
INFO: [ app_begin ] --START--
INFO: Run ReadHtmlCache Behavior [ RunTime:0.000217s ]
INFO: [ app_begin ] --END-- [ RunTime:0.000256s ]
INFO: [ view_template ] --START--
INFO: Run LocationTemplate Behavior [ RunTime:-0.000315s ]
INFO: [ view_template ] --END-- [ RunTime:0.000146s ]
INFO: [ view_parse ] --START--
INFO: Run ParseTemplate Behavior [ RunTime:-0.000474s ]
INFO: [ view_parse ] --END-- [ RunTime:0.010223s ]
INFO: [ view_filter ] --START--
INFO: Run ContentReplace Behavior [ RunTime:-0.010723s ]
INFO: Run TokenBuild Behavior [ RunTime:-0.010932s ]
INFO: Run WriteHtmlCache Behavior [ RunTime:-0.011088s ]
INFO: Run ShowRuntime Behavior [ RunTime:-0.011188s ]
INFO: [ view_filter ] --END-- [ RunTime:0.000660s ]
INFO: [ view_end ] --START--
INFO: Run ShowPageTrace Behavior [ RunTime:-0.011411s ]
INFO: [ view_end ] --END-- [ RunTime:0.000283s ]

[ 2014-10-27T09:54:09+08:00 ] 0.0.0.0 /savour/index.php/Login/index
INFO: [ route_check ] --START--
INFO: Run CheckRoute Behavior [ RunTime:0.002587s ]
INFO: [ route_check ] --END-- [ RunTime:0.002709s ]
INFO: [ app_begin ] --START--
INFO: Run ReadHtmlCache Behavior [ RunTime:-0.000494s ]
INFO: [ app_begin ] --END-- [ RunTime:0.000427s ]
INFO: [ view_template ] --START--
INFO: Run LocationTemplate Behavior [ RunTime:-0.001928s ]
INFO: [ view_template ] --END-- [ RunTime:0.000248s ]
INFO: [ view_parse ] --START--
INFO: Run ParseTemplate Behavior [ RunTime:-0.002190s ]
INFO: [ view_parse ] --END-- [ RunTime:0.005689s ]
INFO: [ view_filter ] --START--
INFO: Run ContentReplace Behavior [ RunTime:-0.007896s ]
INFO: Run TokenBuild Behavior [ RunTime:-0.008073s ]
INFO: Run WriteHtmlCache Behavior [ RunTime:-0.008247s ]
INFO: Run ShowRuntime Behavior [ RunTime:-0.008359s ]
INFO: [ view_filter ] --END-- [ RunTime:0.000690s ]
INFO: [ view_end ] --START--
INFO: Run ShowPageTrace Behavior [ RunTime:-0.008621s ]
INFO: [ view_end ] --END-- [ RunTime:0.000334s ]

[ 2014-10-27T09:54:11+08:00 ] 0.0.0.0 /savour/
INFO: [ app_begin ] --START--
INFO: Run ReadHtmlCache Behavior [ RunTime:0.000294s ]
INFO: [ app_begin ] --END-- [ RunTime:0.000378s ]
INFO: [ view_template ] --START--
INFO: Run LocationTemplate Behavior [ RunTime:-0.000545s ]
INFO: [ view_template ] --END-- [ RunTime:0.000213s ]
INFO: [ view_parse ] --START--
INFO: Run ParseTemplate Behavior [ RunTime:-0.000776s ]
INFO: [ view_parse ] --END-- [ RunTime:0.013662s ]
INFO: [ view_filter ] --START--
INFO: Run ContentReplace Behavior [ RunTime:-0.014478s ]
INFO: Run TokenBuild Behavior [ RunTime:-0.014825s ]
INFO: Run WriteHtmlCache Behavior [ RunTime:-0.015145s ]
INFO: Run ShowRuntime Behavior [ RunTime:-0.015337s ]
INFO: [ view_filter ] --END-- [ RunTime:0.001253s ]
INFO: [ view_end ] --START--
INFO: Run ShowPageTrace Behavior [ RunTime:-0.015778s ]
INFO: [ view_end ] --END-- [ RunTime:0.000524s ]

[ 2014-10-27T09:54:13+08:00 ] 0.0.0.0 /savour/
INFO: [ app_begin ] --START--
INFO: Run ReadHtmlCache Behavior [ RunTime:0.001000s ]
INFO: [ app_begin ] --END-- [ RunTime:0.001109s ]
INFO: [ view_template ] --START--
INFO: Run LocationTemplate Behavior [ RunTime:-0.000692s ]
INFO: [ view_template ] --END-- [ RunTime:0.000276s ]
INFO: [ view_parse ] --START--
INFO: Run ParseTemplate Behavior [ RunTime:-0.000989s ]
INFO: [ view_parse ] --END-- [ RunTime:0.014072s ]
INFO: [ view_filter ] --START--
INFO: Run ContentReplace Behavior [ RunTime:-0.015082s ]
INFO: Run TokenBuild Behavior [ RunTime:-0.015298s ]
INFO: Run WriteHtmlCache Behavior [ RunTime:-0.015484s ]
INFO: Run ShowRuntime Behavior [ RunTime:-0.015624s ]
INFO: [ view_filter ] --END-- [ RunTime:0.000809s ]
INFO: [ view_end ] --START--
INFO: Run ShowPageTrace Behavior [ RunTime:-0.015925s ]
INFO: [ view_end ] --END-- [ RunTime:0.000335s ]

[ 2014-10-27T09:59:23+08:00 ] 0.0.0.0 /savour/
INFO: [ app_begin ] --START--
INFO: Run ReadHtmlCache Behavior [ RunTime:0.000341s ]
INFO: [ app_begin ] --END-- [ RunTime:0.000397s ]
INFO: [ view_template ] --START--
INFO: Run LocationTemplate Behavior [ RunTime:-0.000427s ]
INFO: [ view_template ] --END-- [ RunTime:0.000204s ]
INFO: [ view_parse ] --START--
INFO: Run ParseTemplate Behavior [ RunTime:-0.000653s ]
INFO: [ view_parse ] --END-- [ RunTime:0.012845s ]
INFO: [ view_filter ] --START--
INFO: Run ContentReplace Behavior [ RunTime:-0.013543s ]
INFO: Run TokenBuild Behavior [ RunTime:-0.014006s ]
INFO: Run WriteHtmlCache Behavior [ RunTime:-0.014196s ]
INFO: Run ShowRuntime Behavior [ RunTime:-0.014322s ]
INFO: [ view_filter ] --END-- [ RunTime:0.001019s ]
INFO: [ view_end ] --START--
INFO: Run ShowPageTrace Behavior [ RunTime:-0.014599s ]
INFO: [ view_end ] --END-- [ RunTime:0.000518s ]

[ 2014-10-27T09:59:26+08:00 ] 0.0.0.0 /savour/index.php/Login/index
INFO: [ route_check ] --START--
INFO: Run CheckRoute Behavior [ RunTime:0.000351s ]
INFO: [ route_check ] --END-- [ RunTime:0.000401s ]
INFO: [ app_begin ] --START--
INFO: Run ReadHtmlCache Behavior [ RunTime:-0.000228s ]
INFO: [ app_begin ] --END-- [ RunTime:0.000231s ]
INFO: [ view_template ] --START--
INFO: Run LocationTemplate Behavior [ RunTime:-0.000757s ]
INFO: [ view_template ] --END-- [ RunTime:0.000141s ]
INFO: [ view_parse ] --START--
INFO: Run ParseTemplate Behavior [ RunTime:-0.000913s ]
INFO: [ view_parse ] --END-- [ RunTime:0.010580s ]
INFO: [ view_filter ] --START--
INFO: Run ContentReplace Behavior [ RunTime:-0.011521s ]
INFO: Run TokenBuild Behavior [ RunTime:-0.011793s ]
INFO: Run WriteHtmlCache Behavior [ RunTime:-0.012073s ]
INFO: Run ShowRuntime Behavior [ RunTime:-0.012270s ]
INFO: [ view_filter ] --END-- [ RunTime:0.001127s ]
INFO: [ view_end ] --START--
INFO: Run ShowPageTrace Behavior [ RunTime:-0.012681s ]
INFO: [ view_end ] --END-- [ RunTime:0.000382s ]

[ 2014-10-27T09:59:32+08:00 ] 0.0.0.0 /savour/index.php/Login/index
INFO: [ route_check ] --START--
INFO: Run CheckRoute Behavior [ RunTime:0.000337s ]
INFO: [ route_check ] --END-- [ RunTime:0.000402s ]
INFO: [ app_begin ] --START--
INFO: Run ReadHtmlCache Behavior [ RunTime:-0.000230s ]
INFO: [ app_begin ] --END-- [ RunTime:0.000231s ]
INFO: [ view_template ] --START--
INFO: Run LocationTemplate Behavior [ RunTime:-0.000748s ]
INFO: [ view_template ] --END-- [ RunTime:0.000139s ]
INFO: [ view_parse ] --START--
INFO: Run ParseTemplate Behavior [ RunTime:-0.000904s ]
INFO: [ view_parse ] --END-- [ RunTime:0.008519s ]
INFO: [ view_filter ] --START--
INFO: Run ContentReplace Behavior [ RunTime:-0.009451s ]
INFO: Run TokenBuild Behavior [ RunTime:-0.009718s ]
INFO: Run WriteHtmlCache Behavior [ RunTime:-0.009994s ]
INFO: Run ShowRuntime Behavior [ RunTime:-0.010143s ]
INFO: [ view_filter ] --END-- [ RunTime:0.000927s ]
INFO: [ view_end ] --START--
INFO: Run ShowPageTrace Behavior [ RunTime:-0.010415s ]
INFO: [ view_end ] --END-- [ RunTime:0.000387s ]

[ 2014-10-27T10:53:42+08:00 ] 0.0.0.0 /savour/index.php/Login/index
INFO: [ route_check ] --START--
INFO: Run CheckRoute Behavior [ RunTime:0.000307s ]
INFO: [ route_check ] --END-- [ RunTime:0.000346s ]
INFO: [ app_begin ] --START--
INFO: Run ReadHtmlCache Behavior [ RunTime:-0.000204s ]
INFO: [ app_begin ] --END-- [ RunTime:0.000226s ]
INFO: [ view_template ] --START--
INFO: Run LocationTemplate Behavior [ RunTime:-0.000711s ]
INFO: [ view_template ] --END-- [ RunTime:0.000144s ]
INFO: [ view_parse ] --START--
INFO: Run ParseTemplate Behavior [ RunTime:-0.000874s ]
INFO: [ view_parse ] --END-- [ RunTime:0.011112s ]
INFO: [ view_filter ] --START--
INFO: Run ContentReplace Behavior [ RunTime:-0.012014s ]
INFO: Run TokenBuild Behavior [ RunTime:-0.012227s ]
INFO: Run WriteHtmlCache Behavior [ RunTime:-0.012408s ]
INFO: Run ShowRuntime Behavior [ RunTime:-0.012533s ]
INFO: [ view_filter ] --END-- [ RunTime:0.000742s ]
INFO: [ view_end ] --START--
INFO: Run ShowPageTrace Behavior [ RunTime:-0.012786s ]
INFO: [ view_end ] --END-- [ RunTime:0.000307s ]

[ 2014-10-27T10:54:15+08:00 ] 0.0.0.0 /savour/index.php/Login/index
INFO: [ route_check ] --START--
INFO: Run CheckRoute Behavior [ RunTime:0.000307s ]
INFO: [ route_check ] --END-- [ RunTime:0.000345s ]
INFO: [ app_begin ] --START--
INFO: Run ReadHtmlCache Behavior [ RunTime:-0.000204s ]
INFO: [ app_begin ] --END-- [ RunTime:0.000227s ]
INFO: [ view_template ] --START--
INFO: Run LocationTemplate Behavior [ RunTime:-0.000712s ]
INFO: [ view_template ] --END-- [ RunTime:0.000138s ]
INFO: [ view_parse ] --START--
INFO: Run ParseTemplate Behavior [ RunTime:-0.000866s ]
INFO: [ view_parse ] --END-- [ RunTime:0.010359s ]
INFO: [ view_filter ] --START--
INFO: Run ContentReplace Behavior [ RunTime:-0.011271s ]
INFO: Run TokenBuild Behavior [ RunTime:-0.011639s ]
INFO: Run WriteHtmlCache Behavior [ RunTime:-0.011914s ]
INFO: Run ShowRuntime Behavior [ RunTime:-0.012054s ]
INFO: [ view_filter ] --END-- [ RunTime:0.001042s ]
INFO: [ view_end ] --START--
INFO: Run ShowPageTrace Behavior [ RunTime:-0.012337s ]
INFO: [ view_end ] --END-- [ RunTime:0.000312s ]

[ 2014-10-27T10:54:49+08:00 ] 0.0.0.0 /savour/index.php/Login/index
INFO: [ route_check ] --START--
INFO: Run CheckRoute Behavior [ RunTime:0.000368s ]
INFO: [ route_check ] --END-- [ RunTime:0.000418s ]
INFO: [ app_begin ] --START--
INFO: Run ReadHtmlCache Behavior [ RunTime:-0.000230s ]
INFO: [ app_begin ] --END-- [ RunTime:0.000286s ]
INFO: [ view_template ] --START--
INFO: Run LocationTemplate Behavior [ RunTime:-0.000888s ]
INFO: [ view_template ] --END-- [ RunTime:0.000197s ]
INFO: [ view_parse ] --START--
INFO: Run ParseTemplate Behavior [ RunTime:-0.001095s ]
INFO: [ view_parse ] --END-- [ RunTime:0.003597s ]
INFO: [ view_filter ] --START--
INFO: Run ContentReplace Behavior [ RunTime:-0.004708s ]
INFO: Run TokenBuild Behavior [ RunTime:-0.004862s ]
INFO: Run WriteHtmlCache Behavior [ RunTime:-0.005034s ]
INFO: Run ShowRuntime Behavior [ RunTime:-0.005141s ]
INFO: [ view_filter ] --END-- [ RunTime:0.000647s ]
INFO: [ view_end ] --START--
INFO: Run ShowPageTrace Behavior [ RunTime:-0.005380s ]
INFO: [ view_end ] --END-- [ RunTime:0.000287s ]

[ 2014-10-27T10:55:09+08:00 ] 0.0.0.0 /savour/index.php/Login/check
INFO: [ route_check ] --START--
INFO: Run CheckRoute Behavior [ RunTime:0.000442s ]
INFO: [ route_check ] --END-- [ RunTime:0.000537s ]
INFO: [ app_begin ] --START--
INFO: Run ReadHtmlCache Behavior [ RunTime:-0.000350s ]
INFO: [ app_begin ] --END-- [ RunTime:0.000311s ]

[ 2014-10-27T10:58:16+08:00 ] 0.0.0.0 /savour/index.php/Login/index
INFO: [ route_check ] --START--
INFO: Run CheckRoute Behavior [ RunTime:0.000512s ]
INFO: [ route_check ] --END-- [ RunTime:0.000568s ]
INFO: [ app_begin ] --START--
INFO: Run ReadHtmlCache Behavior [ RunTime:-0.000369s ]
INFO: [ app_begin ] --END-- [ RunTime:0.000304s ]
INFO: [ view_template ] --START--
INFO: Run LocationTemplate Behavior [ RunTime:-0.001104s ]
INFO: [ view_template ] --END-- [ RunTime:0.000237s ]
INFO: [ view_parse ] --START--
INFO: Run ParseTemplate Behavior [ RunTime:-0.001373s ]
INFO: [ view_parse ] --END-- [ RunTime:0.009086s ]
INFO: [ view_filter ] --START--
INFO: Run ContentReplace Behavior [ RunTime:-0.010481s ]
INFO: Run TokenBuild Behavior [ RunTime:-0.010705s ]
INFO: Run WriteHtmlCache Behavior [ RunTime:-0.010948s ]
INFO: Run ShowRuntime Behavior [ RunTime:-0.011069s ]
INFO: [ view_filter ] --END-- [ RunTime:0.000834s ]
INFO: [ view_end ] --START--
INFO: Run ShowPageTrace Behavior [ RunTime:-0.011349s ]
INFO: [ view_end ] --END-- [ RunTime:0.000378s ]

[ 2014-10-27T10:58:21+08:00 ] 0.0.0.0 /savour/index.php/Login/check.html
INFO: [ route_check ] --START--
INFO: Run CheckRoute Behavior [ RunTime:0.000314s ]
INFO: [ route_check ] --END-- [ RunTime:0.000354s ]
INFO: [ app_begin ] --START--
INFO: Run ReadHtmlCache Behavior [ RunTime:-0.000221s ]
INFO: [ app_begin ] --END-- [ RunTime:0.000241s ]

[ 2014-10-27T10:58:26+08:00 ] 0.0.0.0 /savour/index.php/Login/check.html
INFO: [ route_check ] --START--
INFO: Run CheckRoute Behavior [ RunTime:0.000494s ]
INFO: [ route_check ] --END-- [ RunTime:0.000552s ]
INFO: [ app_begin ] --START--
INFO: Run ReadHtmlCache Behavior [ RunTime:-0.000348s ]
INFO: [ app_begin ] --END-- [ RunTime:0.000371s ]

[ 2014-10-27T11:18:50+08:00 ] 0.0.0.0 /savour/index.php/Login/index
INFO: [ route_check ] --START--
INFO: Run CheckRoute Behavior [ RunTime:0.000329s ]
INFO: [ route_check ] --END-- [ RunTime:0.000371s ]
INFO: [ app_begin ] --START--
INFO: Run ReadHtmlCache Behavior [ RunTime:-0.000206s ]
INFO: [ app_begin ] --END-- [ RunTime:0.000228s ]
INFO: [ view_template ] --START--
INFO: Run LocationTemplate Behavior [ RunTime:-0.000709s ]
INFO: [ view_template ] --END-- [ RunTime:0.000138s ]
INFO: [ view_parse ] --START--
INFO: Run ParseTemplate Behavior [ RunTime:-0.000863s ]
INFO: [ view_parse ] --END-- [ RunTime:0.010435s ]
INFO: [ view_filter ] --START--
INFO: Run ContentReplace Behavior [ RunTime:-0.011327s ]
INFO: Run TokenBuild Behavior [ RunTime:-0.011551s ]
INFO: Run WriteHtmlCache Behavior [ RunTime:-0.011750s ]
INFO: Run ShowRuntime Behavior [ RunTime:-0.011876s ]
INFO: [ view_filter ] --END-- [ RunTime:0.000797s ]
INFO: [ view_end ] --START--
INFO: Run ShowPageTrace Behavior [ RunTime:-0.012158s ]
INFO: [ view_end ] --END-- [ RunTime:0.000348s ]

[ 2014-10-27T11:26:55+08:00 ] 0.0.0.0 /savour/index.php/Login/check.html
INFO: [ route_check ] --START--
INFO: Run CheckRoute Behavior [ RunTime:0.000698s ]
INFO: [ route_check ] --END-- [ RunTime:0.000795s ]
INFO: [ app_begin ] --START--
INFO: Run ReadHtmlCache Behavior [ RunTime:-0.000593s ]
INFO: [ app_begin ] --END-- [ RunTime:0.000437s ]

[ 2014-10-27T11:27:02+08:00 ] 0.0.0.0 /savour/index.php/Login/index
INFO: [ route_check ] --START--
INFO: Run CheckRoute Behavior [ RunTime:0.000340s ]
INFO: [ route_check ] --END-- [ RunTime:0.000382s ]
INFO: [ app_begin ] --START--
INFO: Run ReadHtmlCache Behavior [ RunTime:-0.000227s ]
INFO: [ app_begin ] --END-- [ RunTime:0.000250s ]
INFO: [ view_template ] --START--
INFO: Run LocationTemplate Behavior [ RunTime:-0.000785s ]
INFO: [ view_template ] --END-- [ RunTime:0.000155s ]
INFO: [ view_parse ] --START--
INFO: Run ParseTemplate Behavior [ RunTime:-0.000958s ]
INFO: [ view_parse ] --END-- [ RunTime:0.011197s ]
INFO: [ view_filter ] --START--
INFO: Run ContentReplace Behavior [ RunTime:-0.012182s ]
INFO: Run TokenBuild Behavior [ RunTime:-0.012398s ]
INFO: Run WriteHtmlCache Behavior [ RunTime:-0.012581s ]
INFO: Run ShowRuntime Behavior [ RunTime:-0.012700s ]
INFO: [ view_filter ] --END-- [ RunTime:0.000750s ]
INFO: [ view_end ] --START--
INFO: Run ShowPageTrace Behavior [ RunTime:-0.012964s ]
INFO: [ view_end ] --END-- [ RunTime:0.000315s ]

[ 2014-10-27T14:01:22+08:00 ] 0.0.0.0 /savour/index.php/Login/index
INFO: [ route_check ] --START--
INFO: Run CheckRoute Behavior [ RunTime:0.000633s ]
INFO: [ route_check ] --END-- [ RunTime:0.000755s ]
INFO: [ app_begin ] --START--
INFO: Run ReadHtmlCache Behavior [ RunTime:-0.000865s ]
INFO: [ app_begin ] --END-- [ RunTime:0.000487s ]
INFO: [ view_template ] --START--
INFO: Run LocationTemplate Behavior [ RunTime:-0.002054s ]
INFO: [ view_template ] --END-- [ RunTime:0.000434s ]
INFO: [ view_parse ] --START--
INFO: Run ParseTemplate Behavior [ RunTime:-0.002482s ]
INFO: [ view_parse ] --END-- [ RunTime:0.013810s ]
INFO: [ view_filter ] --START--
INFO: Run ContentReplace Behavior [ RunTime:-0.016338s ]
INFO: Run TokenBuild Behavior [ RunTime:-0.016930s ]
INFO: Run WriteHtmlCache Behavior [ RunTime:-0.017546s ]
INFO: Run ShowRuntime Behavior [ RunTime:-0.017734s ]
INFO: [ view_filter ] --END-- [ RunTime:0.001690s ]
INFO: [ view_end ] --START--
INFO: Run ShowPageTrace Behavior [ RunTime:-0.018088s ]
INFO: [ view_end ] --END-- [ RunTime:0.000488s ]

[ 2014-10-27T14:09:54+08:00 ] 0.0.0.0 /savour/index.php/Login/index
INFO: [ route_check ] --START--
INFO: Run CheckRoute Behavior [ RunTime:0.000328s ]
INFO: [ route_check ] --END-- [ RunTime:0.000369s ]
INFO: [ app_begin ] --START--
INFO: Run ReadHtmlCache Behavior [ RunTime:-0.000275s ]
INFO: [ app_begin ] --END-- [ RunTime:0.000239s ]
INFO: [ view_template ] --START--
INFO: Run LocationTemplate Behavior [ RunTime:-0.000819s ]
INFO: [ view_template ] --END-- [ RunTime:0.000149s ]
INFO: [ view_parse ] --START--
INFO: Run ParseTemplate Behavior [ RunTime:-0.000983s ]
INFO: [ view_parse ] --END-- [ RunTime:0.011714s ]
INFO: [ view_filter ] --START--
INFO: Run ContentReplace Behavior [ RunTime:-0.012740s ]
INFO: Run TokenBuild Behavior [ RunTime:-0.013060s ]
INFO: Run WriteHtmlCache Behavior [ RunTime:-0.013341s ]
INFO: Run ShowRuntime Behavior [ RunTime:-0.013525s ]
INFO: [ view_filter ] --END-- [ RunTime:0.001159s ]
INFO: [ view_end ] --START--
INFO: Run ShowPageTrace Behavior [ RunTime:-0.013942s ]
INFO: [ view_end ] --END-- [ RunTime:0.000483s ]

[ 2014-10-27T14:13:33+08:00 ] 0.0.0.0 /savour/index.php/Login/index
INFO: [ route_check ] --START--
INFO: Run CheckRoute Behavior [ RunTime:0.000320s ]
INFO: [ route_check ] --END-- [ RunTime:0.000360s ]
INFO: [ app_begin ] --START--
INFO: Run ReadHtmlCache Behavior [ RunTime:-0.000259s ]
INFO: [ app_begin ] --END-- [ RunTime:0.000230s ]
INFO: [ view_template ] --START--
INFO: Run LocationTemplate Behavior [ RunTime:-0.000810s ]
INFO: [ view_template ] --END-- [ RunTime:0.000153s ]
INFO: [ view_parse ] --START--
INFO: Run ParseTemplate Behavior [ RunTime:-0.000981s ]
INFO: [ view_parse ] --END-- [ RunTime:0.003635s ]
INFO: [ view_filter ] --START--
INFO: Run ContentReplace Behavior [ RunTime:-0.004635s ]
INFO: Run TokenBuild Behavior [ RunTime:-0.004793s ]
INFO: Run WriteHtmlCache Behavior [ RunTime:-0.004938s ]
INFO: Run ShowRuntime Behavior [ RunTime:-0.005033s ]
INFO: [ view_filter ] --END-- [ RunTime:0.000585s ]
INFO: [ view_end ] --START--
INFO: Run ShowPageTrace Behavior [ RunTime:-0.005246s ]
INFO: [ view_end ] --END-- [ RunTime:0.000254s ]

[ 2014-10-27T14:13:35+08:00 ] 0.0.0.0 /savour/index.php/Login/index
INFO: [ route_check ] --START--
INFO: Run CheckRoute Behavior [ RunTime:0.000317s ]
INFO: [ route_check ] --END-- [ RunTime:0.000359s ]
INFO: [ app_begin ] --START--
INFO: Run ReadHtmlCache Behavior [ RunTime:-0.000246s ]
INFO: [ app_begin ] --END-- [ RunTime:0.000228s ]
INFO: [ view_template ] --START--
INFO: Run LocationTemplate Behavior [ RunTime:-0.000758s ]
INFO: [ view_template ] --END-- [ RunTime:0.000139s ]
INFO: [ view_parse ] --START--
INFO: Run ParseTemplate Behavior [ RunTime:-0.000912s ]
INFO: [ view_parse ] --END-- [ RunTime:0.011403s ]
INFO: [ view_filter ] --START--
INFO: Run ContentReplace Behavior [ RunTime:-0.012357s ]
INFO: Run TokenBuild Behavior [ RunTime:-0.012583s ]
INFO: Run WriteHtmlCache Behavior [ RunTime:-0.012779s ]
INFO: Run ShowRuntime Behavior [ RunTime:-0.013113s ]
INFO: [ view_filter ] --END-- [ RunTime:0.001167s ]
INFO: [ view_end ] --START--
INFO: Run ShowPageTrace Behavior [ RunTime:-0.013576s ]
INFO: [ view_end ] --END-- [ RunTime:0.000564s ]

[ 2014-10-27T14:14:58+08:00 ] 0.0.0.0 /savour/index.php/Login/index
INFO: [ route_check ] --START--
INFO: Run CheckRoute Behavior [ RunTime:0.000318s ]
INFO: [ route_check ] --END-- [ RunTime:0.000359s ]
INFO: [ app_begin ] --START--
INFO: Run ReadHtmlCache Behavior [ RunTime:-0.000267s ]
INFO: [ app_begin ] --END-- [ RunTime:0.000235s ]
INFO: [ view_template ] --START--
INFO: Run LocationTemplate Behavior [ RunTime:-0.000801s ]
INFO: [ view_template ] --END-- [ RunTime:0.000148s ]
INFO: [ view_parse ] --START--
INFO: Run ParseTemplate Behavior [ RunTime:-0.000964s ]
INFO: [ view_parse ] --END-- [ RunTime:0.011620s ]
INFO: [ view_filter ] --START--
INFO: Run ContentReplace Behavior [ RunTime:-0.012626s ]
INFO: Run TokenBuild Behavior [ RunTime:-0.012949s ]
INFO: Run WriteHtmlCache Behavior [ RunTime:-0.013230s ]
INFO: Run ShowRuntime Behavior [ RunTime:-0.013416s ]
INFO: [ view_filter ] --END-- [ RunTime:0.001141s ]
INFO: [ view_end ] --START--
INFO: Run ShowPageTrace Behavior [ RunTime:-0.013810s ]
INFO: [ view_end ] --END-- [ RunTime:0.000468s ]

[ 2014-10-27T14:16:41+08:00 ] 0.0.0.0 /savour/index.php/Login/index
INFO: [ route_check ] --START--
INFO: Run CheckRoute Behavior [ RunTime:0.000364s ]
INFO: [ route_check ] --END-- [ RunTime:0.000406s ]
INFO: [ app_begin ] --START--
INFO: Run ReadHtmlCache Behavior [ RunTime:-0.000261s ]
INFO: [ app_begin ] --END-- [ RunTime:0.000231s ]
INFO: [ view_template ] --START--
INFO: Run LocationTemplate Behavior [ RunTime:-0.000785s ]
INFO: [ view_template ] --END-- [ RunTime:0.000143s ]
INFO: [ view_parse ] --START--
INFO: Run ParseTemplate Behavior [ RunTime:-0.000944s ]
INFO: [ view_parse ] --END-- [ RunTime:0.011554s ]
INFO: [ view_filter ] --START--
INFO: Run ContentReplace Behavior [ RunTime:-0.012525s ]
INFO: Run TokenBuild Behavior [ RunTime:-0.012748s ]
INFO: Run WriteHtmlCache Behavior [ RunTime:-0.012934s ]
INFO: Run ShowRuntime Behavior [ RunTime:-0.013055s ]
INFO: [ view_filter ] --END-- [ RunTime:0.000766s ]
INFO: [ view_end ] --START--
INFO: Run ShowPageTrace Behavior [ RunTime:-0.013323s ]
INFO: [ view_end ] --END-- [ RunTime:0.000361s ]

[ 2014-10-27T14:17:06+08:00 ] 0.0.0.0 /savour/index.php/Login/check.html
INFO: [ route_check ] --START--
INFO: Run CheckRoute Behavior [ RunTime:0.000344s ]
INFO: [ route_check ] --END-- [ RunTime:0.000388s ]
INFO: [ app_begin ] --START--
INFO: Run ReadHtmlCache Behavior [ RunTime:-0.000300s ]
INFO: [ app_begin ] --END-- [ RunTime:0.000252s ]

[ 2014-10-27T14:17:20+08:00 ] 0.0.0.0 /savour/index.php/Login/register.html
INFO: [ route_check ] --START--
INFO: Run CheckRoute Behavior [ RunTime:0.000465s ]
INFO: [ route_check ] --END-- [ RunTime:0.000518s ]
INFO: [ app_begin ] --START--
INFO: Run ReadHtmlCache Behavior [ RunTime:-0.000538s ]
INFO: [ app_begin ] --END-- [ RunTime:0.000512s ]

[ 2014-10-27T14:43:07+08:00 ] ERR: (ThinkException) 非法操作:U('Dashboard_index
[ 2014-10-27T14:43:58+08:00 ] 0.0.0.0 /savour/index.php/Dashboard/index.html
INFO: [ route_check ] --START--
INFO: Run CheckRoute Behavior [ RunTime:0.000317s ]
INFO: [ route_check ] --END-- [ RunTime:0.000377s ]
INFO: [ app_begin ] --START--
INFO: Run ReadHtmlCache Behavior [ RunTime:-0.000248s ]
INFO: [ app_begin ] --END-- [ RunTime:0.000230s ]
INFO: [ view_template ] --START--
INFO: Run LocationTemplate Behavior [ RunTime:-0.002055s ]
INFO: [ view_template ] --END-- [ RunTime:0.000250s ]
INFO: [ view_parse ] --START--
INFO: Run ParseTemplate Behavior [ RunTime:-0.002331s ]
INFO: [ view_parse ] --END-- [ RunTime:0.005406s ]
INFO: [ view_filter ] --START--
INFO: Run ContentReplace Behavior [ RunTime:-0.007772s ]
INFO: Run TokenBuild Behavior [ RunTime:-0.008010s ]
INFO: Run WriteHtmlCache Behavior [ RunTime:-0.008240s ]
INFO: Run ShowRuntime Behavior [ RunTime:-0.008377s ]
INFO: [ view_filter ] --END-- [ RunTime:0.000899s ]
INFO: [ view_end ] --START--
INFO: Run ShowPageTrace Behavior [ RunTime:-0.008711s ]
INFO: [ view_end ] --END-- [ RunTime:0.000399s ]

[ 2014-10-27T14:43:58+08:00 ] ERR: (ThinkException) 非法操作:css
[ 2014-10-27T14:43:58+08:00 ] ERR: (ThinkException) 非法操作:js
[ 2014-10-27T14:43:58+08:00 ] ERR: (ThinkException) 非法操作:css
[ 2014-10-27T14:43:58+08:00 ] ERR: (ThinkException) 非法操作:js
[ 2014-10-27T14:43:58+08:00 ] ERR: (ThinkException) 非法操作:css
[ 2014-10-27T14:43:58+08:00 ] ERR: (ThinkException) 非法操作:js
[ 2014-10-27T14:43:58+08:00 ] ERR: (ThinkException) 非法操作:js
[ 2014-10-27T14:43:58+08:00 ] ERR: (ThinkException) 非法操作:js
[ 2014-10-27T14:43:58+08:00 ] ERR: (ThinkException) 非法操作:js
[ 2014-10-27T14:43:58+08:00 ] ERR: (ThinkException) 非法操作:js
[ 2014-10-27T14:43:58+08:00 ] ERR: (ThinkException) 非法操作:js
[ 2014-10-27T14:43:58+08:00 ] ERR: (ThinkException) 非法操作:js
[ 2014-10-27T14:43:58+08:00 ] ERR: (ThinkException) 非法操作:js
[ 2014-10-27T14:43:58+08:00 ] ERR: (ThinkException) 非法操作:js
[ 2014-10-27T14:43:58+08:00 ] ERR: (ThinkException) 非法操作:js
[ 2014-10-27T14:44:09+08:00 ] ERR: (ThinkException) 非法操作:css
[ 2014-10-27T14:44:09+08:00 ] ERR: (ThinkException) 非法操作:css
[ 2014-10-27T14:44:09+08:00 ] ERR: (ThinkException) 非法操作:css
[ 2014-10-27T14:46:33+08:00 ] 0.0.0.0 /savour/index.php/Dashboard/index.html
INFO: [ route_check ] --START--
INFO: Run CheckRoute Behavior [ RunTime:0.000321s ]
INFO: [ route_check ] --END-- [ RunTime:0.000362s ]
INFO: [ app_begin ] --START--
INFO: Run ReadHtmlCache Behavior [ RunTime:-0.000267s ]
INFO: [ app_begin ] --END-- [ RunTime:0.000228s ]
INFO: [ view_template ] --START--
INFO: Run LocationTemplate Behavior [ RunTime:-0.000782s ]
INFO: [ view_template ] --END-- [ RunTime:0.000152s ]
INFO: [ view_parse ] --START--
INFO: Run ParseTemplate Behavior [ RunTime:-0.000954s ]
INFO: [ view_parse ] --END-- [ RunTime:0.010385s ]
INFO: [ view_filter ] --START--
INFO: Run ContentReplace Behavior [ RunTime:-0.011383s ]
INFO: Run TokenBuild Behavior [ RunTime:-0.011705s ]
INFO: Run WriteHtmlCache Behavior [ RunTime:-0.011979s ]
INFO: Run ShowRuntime Behavior [ RunTime:-0.012161s ]
INFO: [ view_filter ] --END-- [ RunTime:0.001169s ]
INFO: [ view_end ] --START--
INFO: Run ShowPageTrace Behavior [ RunTime:-0.012603s ]
INFO: [ view_end ] --END-- [ RunTime:0.000536s ]

[ 2014-10-27T14:46:34+08:00 ] ERR: (ThinkException) 非法操作:js
[ 2014-10-27T15:29:01+08:00 ] 0.0.0.0 /savour/index.php/Dashboard/index.html
INFO: [ route_check ] --START--
INFO: Run CheckRoute Behavior [ RunTime:0.000339s ]
INFO: [ route_check ] --END-- [ RunTime:0.000384s ]
INFO: [ app_begin ] --START--
INFO: Run ReadHtmlCache Behavior [ RunTime:-0.000299s ]
INFO: [ app_begin ] --END-- [ RunTime:0.000246s ]
INFO: [ view_template ] --START--
INFO: Run LocationTemplate Behavior [ RunTime:-0.000838s ]
INFO: [ view_template ] --END-- [ RunTime:0.000172s ]
INFO: [ view_parse ] --START--
INFO: Run ParseTemplate Behavior [ RunTime:-0.001039s ]
INFO: [ view_parse ] --END-- [ RunTime:0.015571s ]
INFO: [ view_filter ] --START--
INFO: Run ContentReplace Behavior [ RunTime:-0.016688s ]
INFO: Run TokenBuild Behavior [ RunTime:-0.017132s ]
INFO: Run WriteHtmlCache Behavior [ RunTime:-0.017380s ]
INFO: Run ShowRuntime Behavior [ RunTime:-0.017542s ]
INFO: [ view_filter ] --END-- [ RunTime:0.001208s ]
INFO: [ view_end ] --START--
INFO: Run ShowPageTrace Behavior [ RunTime:-0.017916s ]
INFO: [ view_end ] --END-- [ RunTime:0.000504s ]

[ 2014-10-27T15:29:01+08:00 ] ERR: (ThinkException) 非法操作:js
[ 2014-10-27T15:33:35+08:00 ] 0.0.0.0 /savour/index.php/Dashboard/index.html
INFO: [ route_check ] --START--
INFO: Run CheckRoute Behavior [ RunTime:0.000334s ]
INFO: [ route_check ] --END-- [ RunTime:0.000376s ]
INFO: [ app_begin ] --START--
INFO: Run ReadHtmlCache Behavior [ RunTime:-0.000289s ]
INFO: [ app_begin ] --END-- [ RunTime:0.000273s ]
INFO: [ view_template ] --START--
INFO: Run LocationTemplate Behavior [ RunTime:-0.000864s ]
INFO: [ view_template ] --END-- [ RunTime:0.000150s ]
INFO: [ view_parse ] --START--
INFO: Run ParseTemplate Behavior [ RunTime:-0.001031s ]
INFO: [ view_parse ] --END-- [ RunTime:0.010837s ]
INFO: [ view_filter ] --START--
INFO: Run ContentReplace Behavior [ RunTime:-0.011901s ]
INFO: Run TokenBuild Behavior [ RunTime:-0.012206s ]
INFO: Run WriteHtmlCache Behavior [ RunTime:-0.012439s ]
INFO: Run ShowRuntime Behavior [ RunTime:-0.012558s ]
INFO: [ view_filter ] --END-- [ RunTime:0.000892s ]
INFO: [ view_end ] --START--
INFO: Run ShowPageTrace Behavior [ RunTime:-0.012823s ]
INFO: [ view_end ] --END-- [ RunTime:0.000313s ]

[ 2014-10-27T15:33:35+08:00 ] ERR: (ThinkException) 非法操作:js
[ 2014-10-27T15:33:37+08:00 ] 0.0.0.0 /savour/index.php/Dashboard/index.html
INFO: [ route_check ] --START--
INFO: Run CheckRoute Behavior [ RunTime:0.000310s ]
INFO: [ route_check ] --END-- [ RunTime:0.000350s ]
INFO: [ app_begin ] --START--
INFO: Run ReadHtmlCache Behavior [ RunTime:-0.000237s ]
INFO: [ app_begin ] --END-- [ RunTime:0.000226s ]
INFO: [ view_template ] --START--
INFO: Run LocationTemplate Behavior [ RunTime:-0.000718s ]
INFO: [ view_template ] --END-- [ RunTime:0.000142s ]
INFO: [ view_parse ] --START--
INFO: Run ParseTemplate Behavior [ RunTime:-0.000876s ]
INFO: [ view_parse ] --END-- [ RunTime:0.010532s ]
INFO: [ view_filter ] --START--
INFO: Run ContentReplace Behavior [ RunTime:-0.011454s ]
INFO: Run TokenBuild Behavior [ RunTime:-0.011705s ]
INFO: Run WriteHtmlCache Behavior [ RunTime:-0.011888s ]
INFO: Run ShowRuntime Behavior [ RunTime:-0.012005s ]
INFO: [ view_filter ] --END-- [ RunTime:0.000791s ]
INFO: [ view_end ] --START--
INFO: Run ShowPageTrace Behavior [ RunTime:-0.012270s ]
INFO: [ view_end ] --END-- [ RunTime:0.000313s ]

[ 2014-10-27T15:33:37+08:00 ] ERR: (ThinkException) 非法操作:js
[ 2014-10-27T15:37:53+08:00 ] 0.0.0.0 /savour/index.php/Dashboard/index.html
INFO: [ route_check ] --START--
INFO: Run CheckRoute Behavior [ RunTime:0.000318s ]
INFO: [ route_check ] --END-- [ RunTime:0.000359s ]
INFO: [ app_begin ] --START--
INFO: Run ReadHtmlCache Behavior [ RunTime:-0.000270s ]
INFO: [ app_begin ] --END-- [ RunTime:0.000240s ]
INFO: [ view_template ] --START--
INFO: Run LocationTemplate Behavior [ RunTime:-0.000790s ]
INFO: [ view_template ] --END-- [ RunTime:0.000149s ]
INFO: [ view_parse ] --START--
INFO: Run ParseTemplate Behavior [ RunTime:-0.000954s ]
INFO: [ view_parse ] --END-- [ RunTime:0.010718s ]
INFO: [ view_filter ] --START--
INFO: Run ContentReplace Behavior [ RunTime:-0.011719s ]
INFO: Run TokenBuild Behavior [ RunTime:-0.012058s ]
INFO: Run WriteHtmlCache Behavior [ RunTime:-0.012339s ]
INFO: Run ShowRuntime Behavior [ RunTime:-0.012639s ]
INFO: [ view_filter ] --END-- [ RunTime:0.001385s ]
INFO: [ view_end ] --START--
INFO: Run ShowPageTrace Behavior [ RunTime:-0.013178s ]
INFO: [ view_end ] --END-- [ RunTime:0.000542s ]

[ 2014-10-27T15:37:53+08:00 ] ERR: (ThinkException) 非法操作:js
[ 2014-10-27T15:43:11+08:00 ] 0.0.0.0 /savour/index.php/Dashboard/index.html
INFO: [ route_check ] --START--
INFO: Run CheckRoute Behavior [ RunTime:0.000352s ]
INFO: [ route_check ] --END-- [ RunTime:0.000395s ]
INFO: [ app_begin ] --START--
INFO: Run ReadHtmlCache Behavior [ RunTime:-0.000293s ]
INFO: [ app_begin ] --END-- [ RunTime:0.000269s ]
INFO: [ view_template ] --START--
INFO: Run LocationTemplate Behavior [ RunTime:-0.000866s ]
INFO: [ view_template ] --END-- [ RunTime:0.000168s ]
INFO: [ view_parse ] --START--
INFO: Run ParseTemplate Behavior [ RunTime:-0.001056s ]
INFO: [ view_parse ] --END-- [ RunTime:0.010479s ]
INFO: [ view_filter ] --START--
INFO: Run ContentReplace Behavior [ RunTime:-0.011577s ]
INFO: Run TokenBuild Behavior [ RunTime:-0.011922s ]
INFO: Run WriteHtmlCache Behavior [ RunTime:-0.012281s ]
INFO: Run ShowRuntime Behavior [ RunTime:-0.012617s ]
INFO: [ view_filter ] --END-- [ RunTime:0.001442s ]
INFO: [ view_end ] --START--
INFO: Run ShowPageTrace Behavior [ RunTime:-0.013065s ]
INFO: [ view_end ] --END-- [ RunTime:0.000473s ]

[ 2014-10-27T15:43:11+08:00 ] ERR: (ThinkException) 非法操作:testClothes
[ 2014-10-27T15:43:11+08:00 ] ERR: (ThinkException) 非法操作:testClothes
[ 2014-10-27T15:43:11+08:00 ] ERR: (ThinkException) 非法操作:testClothes
[ 2014-10-27T15:43:11+08:00 ] ERR: (ThinkException) 非法操作:testClothes
[ 2014-10-27T15:43:11+08:00 ] ERR: (ThinkException) 非法操作:testClothes
[ 2014-10-27T15:43:11+08:00 ] ERR: (ThinkException) 非法操作:testClothes
[ 2014-10-27T15:43:11+08:00 ] ERR: (ThinkException) 非法操作:testClothes
[ 2014-10-27T15:43:11+08:00 ] ERR: (ThinkException) 非法操作:testClothes
[ 2014-10-27T15:43:11+08:00 ] ERR: (ThinkException) 非法操作:testClothes
[ 2014-10-27T15:43:11+08:00 ] ERR: (ThinkException) 非法操作:testClothes
[ 2014-10-27T15:43:11+08:00 ] ERR: (ThinkException) 非法操作:testClothes
[ 2014-10-27T15:43:11+08:00 ] ERR: (ThinkException) 非法操作:testClothes
[ 2014-10-27T15:43:11+08:00 ] ERR: (ThinkException) 非法操作:testClothes
[ 2014-10-27T15:43:11+08:00 ] ERR: (ThinkException) 非法操作:testClothes
[ 2014-10-27T15:43:11+08:00 ] ERR: (ThinkException) 非法操作:testClothes
[ 2014-10-27T15:43:27+08:00 ] ERR: (ThinkException) 非法操作:testClothes
[ 2014-10-27T15:43:27+08:00 ] ERR: (ThinkException) 非法操作:testClothes
[ 2014-10-27T15:43:27+08:00 ] ERR: (ThinkException) 非法操作:testClothes
[ 2014-10-27T15:43:30+08:00 ] ERR: (ThinkException) 非法操作:testClothes
[ 2014-10-27T15:43:30+08:00 ] ERR: (ThinkException) 非法操作:testClothes
[ 2014-10-27T15:43:30+08:00 ] ERR: (ThinkException) 非法操作:testClothes
[ 2014-10-27T15:43:30+08:00 ] ERR: (ThinkException) 非法操作:testClothes
[ 2014-10-27T15:43:30+08:00 ] ERR: (ThinkException) 非法操作:testClothes
[ 2014-10-27T15:43:30+08:00 ] ERR: (ThinkException) 非法操作:testClothes
[ 2014-10-27T15:43:30+08:00 ] ERR: (ThinkException) 非法操作:testClothes
[ 2014-10-27T15:43:30+08:00 ] ERR: (ThinkException) 非法操作:testClothes
[ 2014-10-27T15:43:30+08:00 ] ERR: (ThinkException) 非法操作:testClothes
[ 2014-10-27T15:43:30+08:00 ] ERR: (ThinkException) 非法操作:testClothes
[ 2014-10-27T15:43:30+08:00 ] ERR: (ThinkException) 非法操作:testClothes
[ 2014-10-27T15:43:30+08:00 ] ERR: (ThinkException) 非法操作:testClothes
[ 2014-10-27T15:43:30+08:00 ] ERR: (ThinkException) 非法操作:testClothes
[ 2014-10-27T15:43:30+08:00 ] ERR: (ThinkException) 非法操作:testClothes
[ 2014-10-27T15:43:30+08:00 ] ERR: (ThinkException) 非法操作:testClothes
[ 2014-10-27T15:44:26+08:00 ] ERR: (ThinkException) 非法操作:testClothes
[ 2014-10-27T15:44:26+08:00 ] ERR: (ThinkException) 非法操作:testClothes
[ 2014-10-27T15:44:26+08:00 ] ERR: (ThinkException) 非法操作:testClothes
[ 2014-10-27T15:44:40+08:00 ] ERR: (ThinkException) 非法操作:testClothes
[ 2014-10-27T15:44:40+08:00 ] ERR: (ThinkException) 非法操作:testClothes
[ 2014-10-27T15:44:40+08:00 ] ERR: (ThinkException) 非法操作:testClothes
[ 2014-10-27T15:44:40+08:00 ] ERR: (ThinkException) 非法操作:testClothes
[ 2014-10-27T15:44:40+08:00 ] ERR: (ThinkException) 非法操作:testClothes
[ 2014-10-27T15:44:40+08:00 ] ERR: (ThinkException) 非法操作:testClothes
[ 2014-10-27T15:44:40+08:00 ] ERR: (ThinkException) 非法操作:testClothes
[ 2014-10-27T15:44:40+08:00 ] ERR: (ThinkException) 非法操作:testClothes
[ 2014-10-27T15:44:40+08:00 ] ERR: (ThinkException) 非法操作:testClothes
[ 2014-10-27T15:44:40+08:00 ] ERR: (ThinkException) 非法操作:testClothes
[ 2014-10-27T15:44:40+08:00 ] ERR: (ThinkException) 非法操作:testClothes
[ 2014-10-27T15:44:40+08:00 ] ERR: (ThinkException) 非法操作:testClothes
[ 2014-10-27T15:44:40+08:00 ] ERR: (ThinkException) 非法操作:testClothes
[ 2014-10-27T15:44:40+08:00 ] ERR: (ThinkException) 非法操作:testClothes
[ 2014-10-27T15:44:40+08:00 ] ERR: (ThinkException) 非法操作:testClothes
[ 2014-10-27T15:48:41+08:00 ] ERR: (ThinkException) 非法操作:testClothes
[ 2014-10-27T15:48:41+08:00 ] ERR: (ThinkException) 非法操作:testClothes
[ 2014-10-27T15:48:41+08:00 ] ERR: (ThinkException) 非法操作:testClothes
[ 2014-10-27T15:48:41+08:00 ] ERR: (ThinkException) 非法操作:testClothes
[ 2014-10-27T15:48:41+08:00 ] ERR: (ThinkException) 非法操作:testClothes
[ 2014-10-27T15:48:41+08:00 ] ERR: (ThinkException) 非法操作:testClothes
[ 2014-10-27T15:48:41+08:00 ] ERR: (ThinkException) 非法操作:testClothes
[ 2014-10-27T15:48:41+08:00 ] ERR: (ThinkException) 非法操作:testClothes
[ 2014-10-27T15:48:41+08:00 ] ERR: (ThinkException) 非法操作:testClothes
[ 2014-10-27T15:48:41+08:00 ] ERR: (ThinkException) 非法操作:testClothes
[ 2014-10-27T15:48:41+08:00 ] ERR: (ThinkException) 非法操作:testClothes
[ 2014-10-27T15:48:41+08:00 ] ERR: (ThinkException) 非法操作:testClothes
[ 2014-10-27T15:48:41+08:00 ] ERR: (ThinkException) 非法操作:testClothes
[ 2014-10-27T15:48:41+08:00 ] ERR: (ThinkException) 非法操作:testClothes
[ 2014-10-27T15:48:41+08:00 ] ERR: (ThinkException) 非法操作:testClothes
[ 2014-10-27T15:48:41+08:00 ] ERR: (ThinkException) 非法操作:testClothes
[ 2014-10-27T15:48:41+08:00 ] ERR: (ThinkException) 非法操作:testClothes
[ 2014-10-27T15:48:41+08:00 ] ERR: (ThinkException) 非法操作:testClothes
[ 2014-10-27T15:48:41+08:00 ] ERR: (ThinkException) 非法操作:testClothes
[ 2014-10-27T15:48:41+08:00 ] ERR: (ThinkException) 非法操作:testClothes
[ 2014-10-27T15:48:41+08:00 ] ERR: (ThinkException) 非法操作:testClothes
[ 2014-10-27T15:48:41+08:00 ] ERR: (ThinkException) 非法操作:testClothes
[ 2014-10-27T15:48:41+08:00 ] ERR: (ThinkException) 非法操作:testClothes
[ 2014-10-27T15:48:41+08:00 ] ERR: (ThinkException) 非法操作:testClothes
[ 2014-10-27T15:48:41+08:00 ] ERR: (ThinkException) 非法操作:testClothes
[ 2014-10-27T15:48:58+08:00 ] ERR: (ThinkException) 非法操作:testClothes
[ 2014-10-27T15:59:19+08:00 ] ERR: (ThinkException) 非法操作:testClothes
[ 2014-10-27T15:59:19+08:00 ] ERR: (ThinkException) 非法操作:testClothes
